2020-04-08 14:11:22 [-][-][-][error][yii\console\UnknownCommandException] yii\base\InvalidRouteException: Unable to resolve the request: feehi/dowload-upload-files in D:\php code\qd\vendor\yiisoft\yii2\base\Controller.php:128
Stack trace:
#0 D:\php code\qd\vendor\yiisoft\yii2\console\Controller.php(148): yii\base\Controller->runAction('dowload-upload-...', Array)
#1 D:\php code\qd\vendor\yiisoft\yii2\base\Module.php(528): yii\console\Controller->runAction('dowload-upload-...', Array)
#2 D:\php code\qd\vendor\yiisoft\yii2\console\Application.php(180): yii\base\Module->runAction('feehi/dowload-u...', Array)
#3 D:\php code\qd\vendor\yiisoft\yii2\console\Application.php(147): yii\console\Application->runAction('feehi/dowload-u...', Array)
#4 D:\php code\qd\vendor\yiisoft\yii2\base\Application.php(386): yii\console\Application->handleRequest(Object(yii\console\Request))
#5 D:\php code\qd\yii(27): yii\base\Application->run()
#6 {main}

Next yii\console\UnknownCommandException: Unknown command "feehi/dowload-upload-files". in D:\php code\qd\vendor\yiisoft\yii2\console\Application.php:183
Stack trace:
#0 D:\php code\qd\vendor\yiisoft\yii2\console\Application.php(147): yii\console\Application->runAction('feehi/dowload-u...', Array)
#1 D:\php code\qd\vendor\yiisoft\yii2\base\Application.php(386): yii\console\Application->handleRequest(Object(yii\console\Request))
#2 D:\php code\qd\yii(27): yii\base\Application->run()
#3 {main}
2020-04-08 14:11:22 [-][-][-][info][application] $_GET = []

$_POST = []

$_FILES = []

$_COOKIE = []

$_SERVER = [
    'ALLUSERSPROFILE' => 'C:\\ProgramData'
    'APPDATA' => 'C:\\Users\\86176\\AppData\\Roaming'
    'CommonProgramFiles' => 'C:\\Program Files (x86)\\Common Files'
    'CommonProgramFiles(x86)' => 'C:\\Program Files (x86)\\Common Files'
    'CommonProgramW6432' => 'C:\\Program Files\\Common Files'
    'COMPUTERNAME' => 'LAPTOP-0FO22S22'
    'ComSpec' => 'C:\\WINDOWS\\system32\\cmd.exe'
    'DriverData' => 'C:\\Windows\\System32\\Drivers\\DriverData'
    'FPS_BROWSER_APP_PROFILE_STRING' => 'Internet Explorer'
    'FPS_BROWSER_USER_PROFILE_STRING' => 'Default'
    'HOMEDRIVE' => 'C:'
    'HOMEPATH' => '\\Users\\86176'
    'LOCALAPPDATA' => 'C:\\Users\\86176\\AppData\\Local'
    'LOGONSERVER' => '\\\\LAPTOP-0FO22S22'
    'NUMBER_OF_PROCESSORS' => '8'
    'OneDrive' => 'C:\\Users\\86176\\OneDrive'
    'OS' => 'Windows_NT'
    'Path' => 'C:\\Program Files (x86)\\Intel\\Intel(R) Management Engine Components\\iCLS\\;C:\\Program Files\\Intel\\Intel(R) Management Engine Components\\iCLS\\;C:\\Windows\\system32;C:\\Windows;C:\\Windows\\System32\\Wbem;C:\\Windows\\System32\\WindowsPowerShell\\v1.0\\;C:\\Windows\\System32\\OpenSSH\\;C:\\Program Files (x86)\\Intel\\Intel(R) Management Engine Components\\DAL;C:\\Program Files\\Intel\\Intel(R) Management Engine Components\\DAL;C:\\Program Files (x86)\\NVIDIA Corporation\\PhysX\\Common;D:\\phpStudy\\PHPTutorial\\MySQL\\bin;;C:\\WINDOWS\\system32;C:\\WINDOWS;C:\\WINDOWS\\System32\\Wbem;C:\\WINDOWS\\System32\\WindowsPowerShell\\v1.0\\;C:\\WINDOWS\\System32\\OpenSSH\\;D:\\phpStudy\\PHPTutorial\\php\\php-7.0.12-nts;\"C:\\Users\\86176\\AppData\\Local\\Microsoft\\WindowsApps;D:\\phpStudy\\PHPTutorial\\MySQL\\bin\";;C:\\Users\\86176\\AppData\\Local\\Microsoft\\WindowsApps;C:\\Users\\86176\\AppData\\Roaming\\Composer\\vendor\\bin'
    'PATHEXT' => '.COM;.EXE;.BAT;.CMD;.VBS;.VBE;.JS;.JSE;.WSF;.WSH;.MSC'
    'PROCESSOR_ARCHITECTURE' => 'x86'
    'PROCESSOR_ARCHITEW6432' => 'AMD64'
    'PROCESSOR_IDENTIFIER' => 'Intel64 Family 6 Model 158 Stepping 10, GenuineIntel'
    'PROCESSOR_LEVEL' => '6'
    'PROCESSOR_REVISION' => '9e0a'
    'ProgramData' => 'C:\\ProgramData'
    'ProgramFiles' => 'C:\\Program Files (x86)'
    'ProgramFiles(x86)' => 'C:\\Program Files (x86)'
    'ProgramW6432' => 'C:\\Program Files'
    'PROMPT' => '$P$G'
    'PSModulePath' => 'C:\\Program Files\\WindowsPowerShell\\Modules;C:\\WINDOWS\\system32\\WindowsPowerShell\\v1.0\\Modules'
    'PUBLIC' => 'C:\\Users\\Public'
    'SESSIONNAME' => 'Console'
    'SystemDrive' => 'C:'
    'SystemRoot' => 'C:\\WINDOWS'
    'TEMP' => 'C:\\Users\\86176\\AppData\\Local\\Temp'
    'TMP' => 'C:\\Users\\86176\\AppData\\Local\\Temp'
    'USERDOMAIN' => 'LAPTOP-0FO22S22'
    'USERDOMAIN_ROAMINGPROFILE' => 'LAPTOP-0FO22S22'
    'USERNAME' => '86176'
    'USERPROFILE' => 'C:\\Users\\86176'
    'windir' => 'C:\\WINDOWS'
    'PHP_SELF' => 'yii'
    'SCRIPT_NAME' => 'yii'
    'SCRIPT_FILENAME' => 'yii'
    'PATH_TRANSLATED' => 'yii'
    'DOCUMENT_ROOT' => ''
    'REQUEST_TIME_FLOAT' => 1586355082.6994
    'REQUEST_TIME' => 1586355082
    'argv' => [
        0 => 'yii'
        1 => 'feehi/dowload-upload-files'
    ]
    'argc' => 2
]
