2020-04-26 09:56:21 [192.168.1.139][1][o4m28qqaj06bqrkrjl0jfv2as6][error][yii\web\HttpException:404] yii\base\InvalidRouteException: Unable to resolve the request "static/img/pc_loginBg.jpg". in D:\php code\qd\vendor\yiisoft\yii2\base\Module.php:537
Stack trace:
#0 D:\php code\qd\vendor\yiisoft\yii2\web\Application.php(103): yii\base\Module->runAction('static/img/pc_l...', Array)
#1 D:\php code\qd\vendor\yiisoft\yii2\base\Application.php(386): yii\web\Application->handleRequest(Object(yii\web\Request))
#2 D:\php code\qd\frontend\web\index.php(20): yii\base\Application->run()
#3 {main}

Next yii\web\NotFoundHttpException: 页面未找到。 in D:\php code\qd\vendor\yiisoft\yii2\web\Application.php:115
Stack trace:
#0 D:\php code\qd\vendor\yiisoft\yii2\base\Application.php(386): yii\web\Application->handleRequest(Object(yii\web\Request))
#1 D:\php code\qd\frontend\web\index.php(20): yii\base\Application->run()
#2 {main}
2020-04-26 09:56:21 [192.168.1.139][1][o4m28qqaj06bqrkrjl0jfv2as6][warning][yii\debug\Module::checkAccess] Access to debugger is denied due to IP address restriction. The requesting IP address is 192.168.1.139
    in D:\php code\qd\frontend\views\layouts\main.php:99
    in D:\php code\qd\frontend\controllers\SiteController.php:245
2020-04-26 09:56:21 [192.168.1.139][1][o4m28qqaj06bqrkrjl0jfv2as6][warning][yii\debug\Module::checkAccess] Access to debugger is denied due to IP address restriction. The requesting IP address is 192.168.1.139
2020-04-26 09:56:18 [192.168.1.139][1][o4m28qqaj06bqrkrjl0jfv2as6][info][application] $_GET = []

$_POST = []

$_FILES = []

$_COOKIE = [
    '_identity' => 'c418550bff04740e3600c8ab5945b3f28a9ecd064861d1791bb2260769e755a5a:2:{i:0;s:9:\"_identity\";i:1;s:46:\"[1,\"AfMP8FJuynd6yqK77ryf9_Okbffk_OSv\",2592000]\";}'
    'BACKEND_FEEHICMS' => 'cdems186ksjn91of3poctdulu5'
    '_csrf_backend' => '2bc48a273ee74bb44e53f5dbda6b6426ac5dd42bb59b9c1e600052e0739f1e97a:2:{i:0;s:13:\"_csrf_backend\";i:1;s:32:\"_E-nRWA8qU4lcqiZBTj8TCRTkyaSJcl0\";}'
]

$_SESSION = [
    '__flash' => []
    '__id' => 1
]

$_SERVER = [
    'PATH' => 'C:\\Program Files (x86)\\Intel\\Intel(R) Management Engine Components\\iCLS\\;C:\\Program Files\\Intel\\Intel(R) Management Engine Components\\iCLS\\;C:\\Windows\\system32;C:\\Windows;C:\\Windows\\System32\\Wbem;C:\\Windows\\System32\\WindowsPowerShell\\v1.0\\;C:\\Windows\\System32\\OpenSSH\\;C:\\Program Files (x86)\\Intel\\Intel(R) Management Engine Components\\DAL;C:\\Program Files\\Intel\\Intel(R) Management Engine Components\\DAL;C:\\Program Files (x86)\\NVIDIA Corporation\\PhysX\\Common;D:\\phpStudy\\PHPTutorial\\MySQL\\bin;;C:\\WINDOWS\\system32;C:\\WINDOWS;C:\\WINDOWS\\System32\\Wbem;C:\\WINDOWS\\System32\\WindowsPowerShell\\v1.0\\;C:\\WINDOWS\\System32\\OpenSSH\\;D:\\phpStudy\\PHPTutorial\\php\\php-7.0.12-nts;\"C:\\Users\\86176\\AppData\\Local\\Microsoft\\WindowsApps;D:\\phpStudy\\PHPTutorial\\MySQL\\bin\";C:\\Users\\86176\\AppData\\Local\\Microsoft\\WindowsApps;C:\\Users\\86176\\AppData\\Roaming\\Composer\\vendor\\bin'
    'SYSTEMROOT' => 'C:\\WINDOWS'
    'COMSPEC' => 'C:\\WINDOWS\\system32\\cmd.exe'
    'PATHEXT' => '.COM;.EXE;.BAT;.CMD;.VBS;.VBE;.JS;.JSE;.WSF;.WSH;.MSC'
    'WINDIR' => 'C:\\WINDOWS'
    'PHP_FCGI_MAX_REQUESTS' => '1000'
    'PHPRC' => 'D:/phpStudy/PHPTutorial/php/php-7.0.12-nts/'
    '_FCGI_SHUTDOWN_EVENT_' => '864'
    'SCRIPT_NAME' => '/index.php'
    'REQUEST_URI' => '/static/img/pc_loginBg.jpg'
    'QUERY_STRING' => ''
    'REQUEST_METHOD' => 'GET'
    'SERVER_PROTOCOL' => 'HTTP/1.1'
    'GATEWAY_INTERFACE' => 'CGI/1.1'
    'REDIRECT_URL' => '/static/img/pc_loginBg.jpg'
    'REMOTE_PORT' => '1592'
    'SCRIPT_FILENAME' => 'D:/php code/qd/frontend/web/index.php'
    'SERVER_ADMIN' => 'admin@php.cn'
    'CONTEXT_DOCUMENT_ROOT' => 'D:/php code/qd/frontend/web'
    'CONTEXT_PREFIX' => ''
    'REQUEST_SCHEME' => 'http'
    'DOCUMENT_ROOT' => 'D:/php code/qd/frontend/web'
    'REMOTE_ADDR' => '192.168.1.139'
    'SERVER_PORT' => '80'
    'SERVER_ADDR' => '192.168.1.139'
    'SERVER_NAME' => 'www.qd.com'
    'SERVER_SOFTWARE' => 'Apache/2.4.23 (Win32) OpenSSL/1.0.2j mod_fcgid/2.3.9'
    'SERVER_SIGNATURE' => ''
    'SystemRoot' => 'C:\\WINDOWS'
    'HTTP_COOKIE' => '_identity=c418550bff04740e3600c8ab5945b3f28a9ecd064861d1791bb2260769e755a5a%3A2%3A%7Bi%3A0%3Bs%3A9%3A%22_identity%22%3Bi%3A1%3Bs%3A46%3A%22%5B1%2C%22AfMP8FJuynd6yqK77ryf9_Okbffk_OSv%22%2C2592000%5D%22%3B%7D; BACKEND_FEEHICMS=cdems186ksjn91of3poctdulu5; _csrf_backend=2bc48a273ee74bb44e53f5dbda6b6426ac5dd42bb59b9c1e600052e0739f1e97a%3A2%3A%7Bi%3A0%3Bs%3A13%3A%22_csrf_backend%22%3Bi%3A1%3Bs%3A32%3A%22_E-nRWA8qU4lcqiZBTj8TCRTkyaSJcl0%22%3B%7D'
    'HTTP_ACCEPT_LANGUAGE' => 'zh-CN,zh;q=0.9'
    'HTTP_ACCEPT_ENCODING' => 'gzip, deflate'
    'HTTP_REFERER' => 'http://www.qd.com/admin/index.php?r=site%2Flogin'
    'HTTP_ACCEPT' => 'image/webp,image/apng,image/*,*/*;q=0.8'
    'HTTP_USER_AGENT' => 'Mozilla/5.0 (Windows NT 10.0; WOW64) AppleWebKit/537.36 (KHTML, like Gecko) Chrome/75.0.3770.100 Safari/537.36'
    'HTTP_CONNECTION' => 'close'
    'HTTP_HOST' => 'www.qd.com'
    'REDIRECT_STATUS' => '200'
    'FCGI_ROLE' => 'RESPONDER'
    'PHP_SELF' => '/index.php'
    'REQUEST_TIME_FLOAT' => 1587866178.6335
    'REQUEST_TIME' => 1587866178
]
