2020-04-29 12:14:12 [192.168.1.139][1][ct7i1809m6skcn58om2j3627a7][error][yii\web\HttpException:404] yii\base\InvalidRouteException: Unable to resolve the request "static/img/pc_loginBg.jpg". in D:\php code\qd\vendor\yiisoft\yii2\base\Module.php:537
Stack trace:
#0 D:\php code\qd\vendor\yiisoft\yii2\web\Application.php(103): yii\base\Module->runAction('static/img/pc_l...', Array)
#1 D:\php code\qd\vendor\yiisoft\yii2\base\Application.php(386): yii\web\Application->handleRequest(Object(yii\web\Request))
#2 D:\php code\qd\frontend\web\index.php(20): yii\base\Application->run()
#3 {main}

Next yii\web\NotFoundHttpException: 页面未找到。 in D:\php code\qd\vendor\yiisoft\yii2\web\Application.php:115
Stack trace:
#0 D:\php code\qd\vendor\yiisoft\yii2\base\Application.php(386): yii\web\Application->handleRequest(Object(yii\web\Request))
#1 D:\php code\qd\frontend\web\index.php(20): yii\base\Application->run()
#2 {main}
2020-04-29 12:14:12 [192.168.1.139][1][ct7i1809m6skcn58om2j3627a7][warning][yii\debug\Module::checkAccess] Access to debugger is denied due to IP address restriction. The requesting IP address is 192.168.1.139
    in D:\php code\qd\frontend\views\layouts\main.php:99
    in D:\php code\qd\frontend\controllers\SiteController.php:245
2020-04-29 12:14:12 [192.168.1.139][1][ct7i1809m6skcn58om2j3627a7][warning][yii\debug\Module::checkAccess] Access to debugger is denied due to IP address restriction. The requesting IP address is 192.168.1.139
2020-04-29 12:14:09 [192.168.1.139][1][ct7i1809m6skcn58om2j3627a7][info][application] $_GET = []

$_POST = []

$_FILES = []

$_COOKIE = [
    '_identity' => 'c418550bff04740e3600c8ab5945b3f28a9ecd064861d1791bb2260769e755a5a:2:{i:0;s:9:\"_identity\";i:1;s:46:\"[1,\"AfMP8FJuynd6yqK77ryf9_Okbffk_OSv\",2592000]\";}'
    'BACKEND_FEEHICMS' => 'kdc5vtana35defkeic4oqrkao5'
    '_csrf_backend' => '522560a301a44a8659434f8768f93e9d956b209bbec99071fca6b9a25deafbd2a:2:{i:0;s:13:\"_csrf_backend\";i:1;s:32:\"usSLbHjwFzbqSuQdcKvyJHphp7NjmcKP\";}'
]

$_SESSION = [
    '__flash' => []
    '__id' => 1
]

$_SERVER = [
    'PATH' => 'C:\\Program Files (x86)\\Intel\\Intel(R) Management Engine Components\\iCLS\\;C:\\Program Files\\Intel\\Intel(R) Management Engine Components\\iCLS\\;C:\\Windows\\system32;C:\\Windows;C:\\Windows\\System32\\Wbem;C:\\Windows\\System32\\WindowsPowerShell\\v1.0\\;C:\\Windows\\System32\\OpenSSH\\;C:\\Program Files (x86)\\Intel\\Intel(R) Management Engine Components\\DAL;C:\\Program Files\\Intel\\Intel(R) Management Engine Components\\DAL;C:\\Program Files (x86)\\NVIDIA Corporation\\PhysX\\Common;D:\\phpStudy\\PHPTutorial\\MySQL\\bin;C:\\WINDOWS\\system32;C:\\WINDOWS;C:\\WINDOWS\\System32\\Wbem;C:\\WINDOWS\\System32\\WindowsPowerShell\\v1.0\\;C:\\WINDOWS\\System32\\OpenSSH\\;D:\\phpStudy\\PHPTutorial\\php\\php-7.0.12-nts;F:\\Program Files\\Git\\cmd;\"C:\\Users\\86176\\AppData\\Local\\Microsoft\\WindowsApps;D:\\phpStudy\\PHPTutorial\\MySQL\\bin\";C:\\Users\\86176\\AppData\\Local\\Microsoft\\WindowsApps;C:\\Users\\86176\\AppData\\Roaming\\Composer\\vendor\\bin'
    'SYSTEMROOT' => 'C:\\WINDOWS'
    'COMSPEC' => 'C:\\WINDOWS\\system32\\cmd.exe'
    'PATHEXT' => '.COM;.EXE;.BAT;.CMD;.VBS;.VBE;.JS;.JSE;.WSF;.WSH;.MSC'
    'WINDIR' => 'C:\\WINDOWS'
    'PHP_FCGI_MAX_REQUESTS' => '1000'
    'PHPRC' => 'D:/phpStudy/PHPTutorial/php/php-7.0.12-nts/'
    '_FCGI_SHUTDOWN_EVENT_' => '2264'
    'SCRIPT_NAME' => '/index.php'
    'REQUEST_URI' => '/static/img/pc_loginBg.jpg'
    'QUERY_STRING' => ''
    'REQUEST_METHOD' => 'GET'
    'SERVER_PROTOCOL' => 'HTTP/1.1'
    'GATEWAY_INTERFACE' => 'CGI/1.1'
    'REDIRECT_URL' => '/static/img/pc_loginBg.jpg'
    'REMOTE_PORT' => '9907'
    'SCRIPT_FILENAME' => 'D:/php code/qd/frontend/web/index.php'
    'SERVER_ADMIN' => 'admin@php.cn'
    'CONTEXT_DOCUMENT_ROOT' => 'D:/php code/qd/frontend/web'
    'CONTEXT_PREFIX' => ''
    'REQUEST_SCHEME' => 'http'
    'DOCUMENT_ROOT' => 'D:/php code/qd/frontend/web'
    'REMOTE_ADDR' => '192.168.1.139'
    'SERVER_PORT' => '80'
    'SERVER_ADDR' => '192.168.1.139'
    'SERVER_NAME' => 'www.qd.com'
    'SERVER_SOFTWARE' => 'Apache/2.4.23 (Win32) OpenSSL/1.0.2j mod_fcgid/2.3.9'
    'SERVER_SIGNATURE' => ''
    'SystemRoot' => 'C:\\WINDOWS'
    'HTTP_COOKIE' => '_identity=c418550bff04740e3600c8ab5945b3f28a9ecd064861d1791bb2260769e755a5a%3A2%3A%7Bi%3A0%3Bs%3A9%3A%22_identity%22%3Bi%3A1%3Bs%3A46%3A%22%5B1%2C%22AfMP8FJuynd6yqK77ryf9_Okbffk_OSv%22%2C2592000%5D%22%3B%7D; BACKEND_FEEHICMS=kdc5vtana35defkeic4oqrkao5; _csrf_backend=522560a301a44a8659434f8768f93e9d956b209bbec99071fca6b9a25deafbd2a%3A2%3A%7Bi%3A0%3Bs%3A13%3A%22_csrf_backend%22%3Bi%3A1%3Bs%3A32%3A%22usSLbHjwFzbqSuQdcKvyJHphp7NjmcKP%22%3B%7D'
    'HTTP_ACCEPT_LANGUAGE' => 'zh-CN,zh;q=0.9'
    'HTTP_ACCEPT_ENCODING' => 'gzip, deflate'
    'HTTP_REFERER' => 'http://www.qd.com/admin/index.php?r=site%2Flogin'
    'HTTP_ACCEPT' => 'image/webp,image/apng,image/*,*/*;q=0.8'
    'HTTP_USER_AGENT' => 'Mozilla/5.0 (Windows NT 10.0; WOW64) AppleWebKit/537.36 (KHTML, like Gecko) Chrome/75.0.3770.100 Safari/537.36'
    'HTTP_CONNECTION' => 'close'
    'HTTP_HOST' => 'www.qd.com'
    'REDIRECT_STATUS' => '200'
    'FCGI_ROLE' => 'RESPONDER'
    'PHP_SELF' => '/index.php'
    'REQUEST_TIME_FLOAT' => 1588133649.7398
    'REQUEST_TIME' => 1588133649
]
2020-04-29 16:59:39 [192.168.1.139][-][e9os8hffdali02jkdufpl03dv5][error][yii\web\HttpException:404] yii\base\InvalidRouteException: Unable to resolve the request "v1/site/register". in D:\php code\qd\vendor\yiisoft\yii2\base\Module.php:537
Stack trace:
#0 D:\php code\qd\vendor\yiisoft\yii2\web\Application.php(103): yii\base\Module->runAction('v1/site/registe...', Array)
#1 D:\php code\qd\vendor\yiisoft\yii2\base\Application.php(386): yii\web\Application->handleRequest(Object(yii\web\Request))
#2 D:\php code\qd\frontend\web\index.php(20): yii\base\Application->run()
#3 {main}

Next yii\web\NotFoundHttpException: 页面未找到。 in D:\php code\qd\vendor\yiisoft\yii2\web\Application.php:115
Stack trace:
#0 D:\php code\qd\vendor\yiisoft\yii2\base\Application.php(386): yii\web\Application->handleRequest(Object(yii\web\Request))
#1 D:\php code\qd\frontend\web\index.php(20): yii\base\Application->run()
#2 {main}
2020-04-29 16:59:39 [192.168.1.139][-][e9os8hffdali02jkdufpl03dv5][warning][yii\debug\Module::checkAccess] Access to debugger is denied due to IP address restriction. The requesting IP address is 192.168.1.139
    in D:\php code\qd\frontend\views\layouts\main.php:99
    in D:\php code\qd\frontend\controllers\SiteController.php:245
2020-04-29 16:59:39 [192.168.1.139][-][e9os8hffdali02jkdufpl03dv5][warning][yii\debug\Module::checkAccess] Access to debugger is denied due to IP address restriction. The requesting IP address is 192.168.1.139
2020-04-29 16:59:37 [192.168.1.139][-][e9os8hffdali02jkdufpl03dv5][info][application] $_GET = []

$_POST = []

$_FILES = []

$_COOKIE = []

$_SESSION = [
    '__flash' => []
]

$_SERVER = [
    'PATH' => 'C:\\Program Files (x86)\\Intel\\Intel(R) Management Engine Components\\iCLS\\;C:\\Program Files\\Intel\\Intel(R) Management Engine Components\\iCLS\\;C:\\Windows\\system32;C:\\Windows;C:\\Windows\\System32\\Wbem;C:\\Windows\\System32\\WindowsPowerShell\\v1.0\\;C:\\Windows\\System32\\OpenSSH\\;C:\\Program Files (x86)\\Intel\\Intel(R) Management Engine Components\\DAL;C:\\Program Files\\Intel\\Intel(R) Management Engine Components\\DAL;C:\\Program Files (x86)\\NVIDIA Corporation\\PhysX\\Common;D:\\phpStudy\\PHPTutorial\\MySQL\\bin;C:\\WINDOWS\\system32;C:\\WINDOWS;C:\\WINDOWS\\System32\\Wbem;C:\\WINDOWS\\System32\\WindowsPowerShell\\v1.0\\;C:\\WINDOWS\\System32\\OpenSSH\\;D:\\phpStudy\\PHPTutorial\\php\\php-7.0.12-nts;F:\\Program Files\\Git\\cmd;\"C:\\Users\\86176\\AppData\\Local\\Microsoft\\WindowsApps;D:\\phpStudy\\PHPTutorial\\MySQL\\bin\";C:\\Users\\86176\\AppData\\Local\\Microsoft\\WindowsApps;C:\\Users\\86176\\AppData\\Roaming\\Composer\\vendor\\bin'
    'SYSTEMROOT' => 'C:\\WINDOWS'
    'COMSPEC' => 'C:\\WINDOWS\\system32\\cmd.exe'
    'PATHEXT' => '.COM;.EXE;.BAT;.CMD;.VBS;.VBE;.JS;.JSE;.WSF;.WSH;.MSC'
    'WINDIR' => 'C:\\WINDOWS'
    'PHP_FCGI_MAX_REQUESTS' => '1000'
    'PHPRC' => 'D:/phpStudy/PHPTutorial/php/php-7.0.12-nts/'
    '_FCGI_SHUTDOWN_EVENT_' => '2800'
    'SCRIPT_NAME' => '/index.php'
    'REQUEST_URI' => '/v1/site/register'
    'QUERY_STRING' => ''
    'REQUEST_METHOD' => 'GET'
    'SERVER_PROTOCOL' => 'HTTP/1.1'
    'GATEWAY_INTERFACE' => 'CGI/1.1'
    'REDIRECT_URL' => '/v1/site/register'
    'REMOTE_PORT' => '12747'
    'SCRIPT_FILENAME' => 'D:/php code/qd/frontend/web/index.php'
    'SERVER_ADMIN' => 'admin@php.cn'
    'CONTEXT_DOCUMENT_ROOT' => 'D:/php code/qd/frontend/web'
    'CONTEXT_PREFIX' => ''
    'REQUEST_SCHEME' => 'http'
    'DOCUMENT_ROOT' => 'D:/php code/qd/frontend/web'
    'REMOTE_ADDR' => '192.168.1.139'
    'SERVER_PORT' => '80'
    'SERVER_ADDR' => '192.168.1.139'
    'SERVER_NAME' => 'www.qd.com'
    'SERVER_SOFTWARE' => 'Apache/2.4.23 (Win32) OpenSSL/1.0.2j mod_fcgid/2.3.9'
    'SERVER_SIGNATURE' => ''
    'SystemRoot' => 'C:\\WINDOWS'
    'HTTP_CONNECTION' => 'close'
    'HTTP_ACCEPT_ENCODING' => 'gzip, deflate, br'
    'HTTP_HOST' => 'www.qd.com'
    'HTTP_POSTMAN_TOKEN' => 'ebe1452d-e2c7-4928-b66e-f44bfed82341'
    'HTTP_CACHE_CONTROL' => 'no-cache'
    'HTTP_ACCEPT' => '*/*'
    'HTTP_USER_AGENT' => 'PostmanRuntime/7.24.1'
    'REDIRECT_STATUS' => '200'
    'FCGI_ROLE' => 'RESPONDER'
    'PHP_SELF' => '/index.php'
    'REQUEST_TIME_FLOAT' => 1588150777.033
    'REQUEST_TIME' => 1588150777
]
2020-04-29 20:35:43 [127.0.0.1][-][e37dnp7lpt82d09tjtsdnpp8f4][error][yii\web\HttpException:404] yii\base\InvalidRouteException: Unable to resolve the request "static/img/pc_loginBg.jpg". in D:\php code\qd\vendor\yiisoft\yii2\base\Module.php:537
Stack trace:
#0 D:\php code\qd\vendor\yiisoft\yii2\web\Application.php(103): yii\base\Module->runAction('static/img/pc_l...', Array)
#1 D:\php code\qd\vendor\yiisoft\yii2\base\Application.php(386): yii\web\Application->handleRequest(Object(yii\web\Request))
#2 D:\php code\qd\frontend\web\index.php(20): yii\base\Application->run()
#3 {main}

Next yii\web\NotFoundHttpException: 页面未找到。 in D:\php code\qd\vendor\yiisoft\yii2\web\Application.php:115
Stack trace:
#0 D:\php code\qd\vendor\yiisoft\yii2\base\Application.php(386): yii\web\Application->handleRequest(Object(yii\web\Request))
#1 D:\php code\qd\frontend\web\index.php(20): yii\base\Application->run()
#2 {main}
2020-04-29 20:35:40 [127.0.0.1][-][e37dnp7lpt82d09tjtsdnpp8f4][info][application] $_GET = []

$_POST = []

$_FILES = []

$_COOKIE = [
    '_identity' => 'c418550bff04740e3600c8ab5945b3f28a9ecd064861d1791bb2260769e755a5a:2:{i:0;s:9:\"_identity\";i:1;s:46:\"[1,\"AfMP8FJuynd6yqK77ryf9_Okbffk_OSv\",2592000]\";}'
    'BACKEND_FEEHICMS' => 'inild00rdh4ibet56l99r9i1b6'
    '_csrf_backend' => '7a55a1bcced71e15eae26af9a386bb1fbb2d42a07497aadfbac760e7c0225d8ca:2:{i:0;s:13:\"_csrf_backend\";i:1;s:32:\"Xyk8wWLb5XBzosQ80rzua_q0cRt0lh1d\";}'
]

$_SESSION = [
    '__flash' => []
]

$_SERVER = [
    'PATH' => 'C:\\Program Files (x86)\\Intel\\Intel(R) Management Engine Components\\iCLS\\;C:\\Program Files\\Intel\\Intel(R) Management Engine Components\\iCLS\\;C:\\Windows\\system32;C:\\Windows;C:\\Windows\\System32\\Wbem;C:\\Windows\\System32\\WindowsPowerShell\\v1.0\\;C:\\Windows\\System32\\OpenSSH\\;C:\\Program Files (x86)\\Intel\\Intel(R) Management Engine Components\\DAL;C:\\Program Files\\Intel\\Intel(R) Management Engine Components\\DAL;C:\\Program Files (x86)\\NVIDIA Corporation\\PhysX\\Common;D:\\phpStudy\\PHPTutorial\\MySQL\\bin;C:\\WINDOWS\\system32;C:\\WINDOWS;C:\\WINDOWS\\System32\\Wbem;C:\\WINDOWS\\System32\\WindowsPowerShell\\v1.0\\;C:\\WINDOWS\\System32\\OpenSSH\\;D:\\phpStudy\\PHPTutorial\\php\\php-7.0.12-nts;F:\\Program Files\\Git\\cmd;\"C:\\Users\\86176\\AppData\\Local\\Microsoft\\WindowsApps;D:\\phpStudy\\PHPTutorial\\MySQL\\bin\";C:\\Users\\86176\\AppData\\Local\\Microsoft\\WindowsApps;C:\\Users\\86176\\AppData\\Roaming\\Composer\\vendor\\bin'
    'SYSTEMROOT' => 'C:\\WINDOWS'
    'COMSPEC' => 'C:\\WINDOWS\\system32\\cmd.exe'
    'PATHEXT' => '.COM;.EXE;.BAT;.CMD;.VBS;.VBE;.JS;.JSE;.WSF;.WSH;.MSC'
    'WINDIR' => 'C:\\WINDOWS'
    'PHP_FCGI_MAX_REQUESTS' => '1000'
    'PHPRC' => 'D:/phpStudy/PHPTutorial/php/php-7.0.12-nts/'
    '_FCGI_SHUTDOWN_EVENT_' => '2184'
    'SCRIPT_NAME' => '/index.php'
    'REQUEST_URI' => '/static/img/pc_loginBg.jpg'
    'QUERY_STRING' => ''
    'REQUEST_METHOD' => 'GET'
    'SERVER_PROTOCOL' => 'HTTP/1.1'
    'GATEWAY_INTERFACE' => 'CGI/1.1'
    'REDIRECT_URL' => '/static/img/pc_loginBg.jpg'
    'REMOTE_PORT' => '13303'
    'SCRIPT_FILENAME' => 'D:/php code/qd/frontend/web/index.php'
    'SERVER_ADMIN' => 'admin@php.cn'
    'CONTEXT_DOCUMENT_ROOT' => 'D:/php code/qd/frontend/web'
    'CONTEXT_PREFIX' => ''
    'REQUEST_SCHEME' => 'http'
    'DOCUMENT_ROOT' => 'D:/php code/qd/frontend/web'
    'REMOTE_ADDR' => '127.0.0.1'
    'SERVER_PORT' => '80'
    'SERVER_ADDR' => '127.0.0.1'
    'SERVER_NAME' => 'www.qd.com'
    'SERVER_SOFTWARE' => 'Apache/2.4.23 (Win32) OpenSSL/1.0.2j mod_fcgid/2.3.9'
    'SERVER_SIGNATURE' => ''
    'SystemRoot' => 'C:\\WINDOWS'
    'HTTP_COOKIE' => '_identity=c418550bff04740e3600c8ab5945b3f28a9ecd064861d1791bb2260769e755a5a%3A2%3A%7Bi%3A0%3Bs%3A9%3A%22_identity%22%3Bi%3A1%3Bs%3A46%3A%22%5B1%2C%22AfMP8FJuynd6yqK77ryf9_Okbffk_OSv%22%2C2592000%5D%22%3B%7D; BACKEND_FEEHICMS=inild00rdh4ibet56l99r9i1b6; _csrf_backend=7a55a1bcced71e15eae26af9a386bb1fbb2d42a07497aadfbac760e7c0225d8ca%3A2%3A%7Bi%3A0%3Bs%3A13%3A%22_csrf_backend%22%3Bi%3A1%3Bs%3A32%3A%22Xyk8wWLb5XBzosQ80rzua_q0cRt0lh1d%22%3B%7D'
    'HTTP_ACCEPT_LANGUAGE' => 'zh-CN,zh;q=0.9'
    'HTTP_ACCEPT_ENCODING' => 'gzip, deflate'
    'HTTP_REFERER' => 'http://www.qd.com/admin/index.php?r=site%2Flogin'
    'HTTP_ACCEPT' => 'image/webp,image/apng,image/*,*/*;q=0.8'
    'HTTP_USER_AGENT' => 'Mozilla/5.0 (Windows NT 10.0; WOW64) AppleWebKit/537.36 (KHTML, like Gecko) Chrome/75.0.3770.100 Safari/537.36'
    'HTTP_CONNECTION' => 'close'
    'HTTP_HOST' => 'www.qd.com'
    'REDIRECT_STATUS' => '200'
    'FCGI_ROLE' => 'RESPONDER'
    'PHP_SELF' => '/index.php'
    'REQUEST_TIME_FLOAT' => 1588163740.56
    'REQUEST_TIME' => 1588163740
]
