2020-04-30 01:13:56 [192.168.1.139][-][-][warning][yii\debug\Module::checkAccess] Access to debugger is denied due to IP address restriction. The requesting IP address is 192.168.1.139
2020-04-30 01:13:52 [192.168.1.139][-][-][info][application] $_GET = []

$_POST = []

$_FILES = []

$_COOKIE = []

$_SERVER = [
    'PATH' => 'C:\\Program Files (x86)\\Intel\\Intel(R) Management Engine Components\\iCLS\\;C:\\Program Files\\Intel\\Intel(R) Management Engine Components\\iCLS\\;C:\\Windows\\system32;C:\\Windows;C:\\Windows\\System32\\Wbem;C:\\Windows\\System32\\WindowsPowerShell\\v1.0\\;C:\\Windows\\System32\\OpenSSH\\;C:\\Program Files (x86)\\Intel\\Intel(R) Management Engine Components\\DAL;C:\\Program Files\\Intel\\Intel(R) Management Engine Components\\DAL;C:\\Program Files (x86)\\NVIDIA Corporation\\PhysX\\Common;D:\\phpStudy\\PHPTutorial\\MySQL\\bin;C:\\WINDOWS\\system32;C:\\WINDOWS;C:\\WINDOWS\\System32\\Wbem;C:\\WINDOWS\\System32\\WindowsPowerShell\\v1.0\\;C:\\WINDOWS\\System32\\OpenSSH\\;D:\\phpStudy\\PHPTutorial\\php\\php-7.0.12-nts;F:\\Program Files\\Git\\cmd;\"C:\\Users\\86176\\AppData\\Local\\Microsoft\\WindowsApps;D:\\phpStudy\\PHPTutorial\\MySQL\\bin\";C:\\Users\\86176\\AppData\\Local\\Microsoft\\WindowsApps;C:\\Users\\86176\\AppData\\Roaming\\Composer\\vendor\\bin'
    'SYSTEMROOT' => 'C:\\WINDOWS'
    'COMSPEC' => 'C:\\WINDOWS\\system32\\cmd.exe'
    'PATHEXT' => '.COM;.EXE;.BAT;.CMD;.VBS;.VBE;.JS;.JSE;.WSF;.WSH;.MSC'
    'WINDIR' => 'C:\\WINDOWS'
    'PHP_FCGI_MAX_REQUESTS' => '1000'
    'PHPRC' => 'D:/phpStudy/PHPTutorial/php/php-7.0.12-nts/'
    '_FCGI_SHUTDOWN_EVENT_' => '2248'
    'SCRIPT_NAME' => '/api/index.php'
    'REQUEST_URI' => '/api/v1/site/register'
    'QUERY_STRING' => ''
    'REQUEST_METHOD' => 'POST'
    'SERVER_PROTOCOL' => 'HTTP/1.1'
    'GATEWAY_INTERFACE' => 'CGI/1.1'
    'REDIRECT_URL' => '/api/v1/site/register'
    'REMOTE_PORT' => '14891'
    'SCRIPT_FILENAME' => 'D:/php code/qd/frontend/web/api/index.php'
    'SERVER_ADMIN' => 'admin@php.cn'
    'CONTEXT_DOCUMENT_ROOT' => 'D:/php code/qd/frontend/web'
    'CONTEXT_PREFIX' => ''
    'REQUEST_SCHEME' => 'http'
    'DOCUMENT_ROOT' => 'D:/php code/qd/frontend/web'
    'REMOTE_ADDR' => '192.168.1.139'
    'SERVER_PORT' => '80'
    'SERVER_ADDR' => '192.168.1.139'
    'SERVER_NAME' => 'www.qd.com'
    'SERVER_SOFTWARE' => 'Apache/2.4.23 (Win32) OpenSSL/1.0.2j mod_fcgid/2.3.9'
    'SERVER_SIGNATURE' => ''
    'SystemRoot' => 'C:\\WINDOWS'
    'CONTENT_LENGTH' => '65'
    'HTTP_CONNECTION' => 'close'
    'HTTP_ACCEPT_ENCODING' => 'gzip, deflate, br'
    'HTTP_HOST' => 'www.qd.com'
    'HTTP_POSTMAN_TOKEN' => 'd039aa92-9826-440a-b3fe-bc5885ab82b9'
    'HTTP_CACHE_CONTROL' => 'no-cache'
    'HTTP_ACCEPT' => '*/*'
    'HTTP_USER_AGENT' => 'PostmanRuntime/7.24.1'
    'CONTENT_TYPE' => 'application/json'
    'REDIRECT_STATUS' => '200'
    'FCGI_ROLE' => 'RESPONDER'
    'PHP_SELF' => '/api/index.php'
    'REQUEST_TIME_FLOAT' => 1588209232.7462
    'REQUEST_TIME' => 1588209232
]
2020-04-30 01:16:33 [192.168.1.139][-][-][warning][yii\debug\Module::checkAccess] Access to debugger is denied due to IP address restriction. The requesting IP address is 192.168.1.139
2020-04-30 01:16:31 [192.168.1.139][-][-][info][application] $_GET = []

$_POST = []

$_FILES = []

$_COOKIE = []

$_SERVER = [
    'PATH' => 'C:\\Program Files (x86)\\Intel\\Intel(R) Management Engine Components\\iCLS\\;C:\\Program Files\\Intel\\Intel(R) Management Engine Components\\iCLS\\;C:\\Windows\\system32;C:\\Windows;C:\\Windows\\System32\\Wbem;C:\\Windows\\System32\\WindowsPowerShell\\v1.0\\;C:\\Windows\\System32\\OpenSSH\\;C:\\Program Files (x86)\\Intel\\Intel(R) Management Engine Components\\DAL;C:\\Program Files\\Intel\\Intel(R) Management Engine Components\\DAL;C:\\Program Files (x86)\\NVIDIA Corporation\\PhysX\\Common;D:\\phpStudy\\PHPTutorial\\MySQL\\bin;C:\\WINDOWS\\system32;C:\\WINDOWS;C:\\WINDOWS\\System32\\Wbem;C:\\WINDOWS\\System32\\WindowsPowerShell\\v1.0\\;C:\\WINDOWS\\System32\\OpenSSH\\;D:\\phpStudy\\PHPTutorial\\php\\php-7.0.12-nts;F:\\Program Files\\Git\\cmd;\"C:\\Users\\86176\\AppData\\Local\\Microsoft\\WindowsApps;D:\\phpStudy\\PHPTutorial\\MySQL\\bin\";C:\\Users\\86176\\AppData\\Local\\Microsoft\\WindowsApps;C:\\Users\\86176\\AppData\\Roaming\\Composer\\vendor\\bin'
    'SYSTEMROOT' => 'C:\\WINDOWS'
    'COMSPEC' => 'C:\\WINDOWS\\system32\\cmd.exe'
    'PATHEXT' => '.COM;.EXE;.BAT;.CMD;.VBS;.VBE;.JS;.JSE;.WSF;.WSH;.MSC'
    'WINDIR' => 'C:\\WINDOWS'
    'PHP_FCGI_MAX_REQUESTS' => '1000'
    'PHPRC' => 'D:/phpStudy/PHPTutorial/php/php-7.0.12-nts/'
    '_FCGI_SHUTDOWN_EVENT_' => '2248'
    'SCRIPT_NAME' => '/api/index.php'
    'REQUEST_URI' => '/api/v1/site/register'
    'QUERY_STRING' => ''
    'REQUEST_METHOD' => 'POST'
    'SERVER_PROTOCOL' => 'HTTP/1.1'
    'GATEWAY_INTERFACE' => 'CGI/1.1'
    'REDIRECT_URL' => '/api/v1/site/register'
    'REMOTE_PORT' => '14899'
    'SCRIPT_FILENAME' => 'D:/php code/qd/frontend/web/api/index.php'
    'SERVER_ADMIN' => 'admin@php.cn'
    'CONTEXT_DOCUMENT_ROOT' => 'D:/php code/qd/frontend/web'
    'CONTEXT_PREFIX' => ''
    'REQUEST_SCHEME' => 'http'
    'DOCUMENT_ROOT' => 'D:/php code/qd/frontend/web'
    'REMOTE_ADDR' => '192.168.1.139'
    'SERVER_PORT' => '80'
    'SERVER_ADDR' => '192.168.1.139'
    'SERVER_NAME' => 'www.qd.com'
    'SERVER_SOFTWARE' => 'Apache/2.4.23 (Win32) OpenSSL/1.0.2j mod_fcgid/2.3.9'
    'SERVER_SIGNATURE' => ''
    'SystemRoot' => 'C:\\WINDOWS'
    'CONTENT_LENGTH' => '65'
    'HTTP_CONNECTION' => 'close'
    'HTTP_ACCEPT_ENCODING' => 'gzip, deflate, br'
    'HTTP_HOST' => 'www.qd.com'
    'HTTP_POSTMAN_TOKEN' => '8765103e-8bfd-4b3b-9a86-c7a50c84209a'
    'HTTP_CACHE_CONTROL' => 'no-cache'
    'HTTP_ACCEPT' => '*/*'
    'HTTP_USER_AGENT' => 'PostmanRuntime/7.24.1'
    'CONTENT_TYPE' => 'application/json'
    'REDIRECT_STATUS' => '200'
    'FCGI_ROLE' => 'RESPONDER'
    'PHP_SELF' => '/api/index.php'
    'REQUEST_TIME_FLOAT' => 1588209391.6489
    'REQUEST_TIME' => 1588209391
]
2020-04-30 01:17:29 [192.168.1.139][-][-][warning][yii\debug\Module::checkAccess] Access to debugger is denied due to IP address restriction. The requesting IP address is 192.168.1.139
2020-04-30 01:17:26 [192.168.1.139][-][-][info][application] $_GET = []

$_POST = []

$_FILES = []

$_COOKIE = []

$_SERVER = [
    'PATH' => 'C:\\Program Files (x86)\\Intel\\Intel(R) Management Engine Components\\iCLS\\;C:\\Program Files\\Intel\\Intel(R) Management Engine Components\\iCLS\\;C:\\Windows\\system32;C:\\Windows;C:\\Windows\\System32\\Wbem;C:\\Windows\\System32\\WindowsPowerShell\\v1.0\\;C:\\Windows\\System32\\OpenSSH\\;C:\\Program Files (x86)\\Intel\\Intel(R) Management Engine Components\\DAL;C:\\Program Files\\Intel\\Intel(R) Management Engine Components\\DAL;C:\\Program Files (x86)\\NVIDIA Corporation\\PhysX\\Common;D:\\phpStudy\\PHPTutorial\\MySQL\\bin;C:\\WINDOWS\\system32;C:\\WINDOWS;C:\\WINDOWS\\System32\\Wbem;C:\\WINDOWS\\System32\\WindowsPowerShell\\v1.0\\;C:\\WINDOWS\\System32\\OpenSSH\\;D:\\phpStudy\\PHPTutorial\\php\\php-7.0.12-nts;F:\\Program Files\\Git\\cmd;\"C:\\Users\\86176\\AppData\\Local\\Microsoft\\WindowsApps;D:\\phpStudy\\PHPTutorial\\MySQL\\bin\";C:\\Users\\86176\\AppData\\Local\\Microsoft\\WindowsApps;C:\\Users\\86176\\AppData\\Roaming\\Composer\\vendor\\bin'
    'SYSTEMROOT' => 'C:\\WINDOWS'
    'COMSPEC' => 'C:\\WINDOWS\\system32\\cmd.exe'
    'PATHEXT' => '.COM;.EXE;.BAT;.CMD;.VBS;.VBE;.JS;.JSE;.WSF;.WSH;.MSC'
    'WINDIR' => 'C:\\WINDOWS'
    'PHP_FCGI_MAX_REQUESTS' => '1000'
    'PHPRC' => 'D:/phpStudy/PHPTutorial/php/php-7.0.12-nts/'
    '_FCGI_SHUTDOWN_EVENT_' => '2248'
    'SCRIPT_NAME' => '/api/index.php'
    'REQUEST_URI' => '/api/v1/site/register'
    'QUERY_STRING' => ''
    'REQUEST_METHOD' => 'POST'
    'SERVER_PROTOCOL' => 'HTTP/1.1'
    'GATEWAY_INTERFACE' => 'CGI/1.1'
    'REDIRECT_URL' => '/api/v1/site/register'
    'REMOTE_PORT' => '14912'
    'SCRIPT_FILENAME' => 'D:/php code/qd/frontend/web/api/index.php'
    'SERVER_ADMIN' => 'admin@php.cn'
    'CONTEXT_DOCUMENT_ROOT' => 'D:/php code/qd/frontend/web'
    'CONTEXT_PREFIX' => ''
    'REQUEST_SCHEME' => 'http'
    'DOCUMENT_ROOT' => 'D:/php code/qd/frontend/web'
    'REMOTE_ADDR' => '192.168.1.139'
    'SERVER_PORT' => '80'
    'SERVER_ADDR' => '192.168.1.139'
    'SERVER_NAME' => 'www.qd.com'
    'SERVER_SOFTWARE' => 'Apache/2.4.23 (Win32) OpenSSL/1.0.2j mod_fcgid/2.3.9'
    'SERVER_SIGNATURE' => ''
    'SystemRoot' => 'C:\\WINDOWS'
    'CONTENT_LENGTH' => '67'
    'HTTP_CONNECTION' => 'close'
    'HTTP_ACCEPT_ENCODING' => 'gzip, deflate, br'
    'HTTP_HOST' => 'www.qd.com'
    'HTTP_POSTMAN_TOKEN' => '57b12925-587a-4cc4-beb7-e8fcae4d28e7'
    'HTTP_CACHE_CONTROL' => 'no-cache'
    'HTTP_ACCEPT' => '*/*'
    'HTTP_USER_AGENT' => 'PostmanRuntime/7.24.1'
    'CONTENT_TYPE' => 'application/json'
    'REDIRECT_STATUS' => '200'
    'FCGI_ROLE' => 'RESPONDER'
    'PHP_SELF' => '/api/index.php'
    'REQUEST_TIME_FLOAT' => 1588209446.6236
    'REQUEST_TIME' => 1588209446
]
2020-04-30 01:18:33 [192.168.1.139][-][-][warning][yii\debug\Module::checkAccess] Access to debugger is denied due to IP address restriction. The requesting IP address is 192.168.1.139
2020-04-30 01:18:30 [192.168.1.139][-][-][info][application] $_GET = []

$_POST = []

$_FILES = []

$_COOKIE = []

$_SERVER = [
    'PATH' => 'C:\\Program Files (x86)\\Intel\\Intel(R) Management Engine Components\\iCLS\\;C:\\Program Files\\Intel\\Intel(R) Management Engine Components\\iCLS\\;C:\\Windows\\system32;C:\\Windows;C:\\Windows\\System32\\Wbem;C:\\Windows\\System32\\WindowsPowerShell\\v1.0\\;C:\\Windows\\System32\\OpenSSH\\;C:\\Program Files (x86)\\Intel\\Intel(R) Management Engine Components\\DAL;C:\\Program Files\\Intel\\Intel(R) Management Engine Components\\DAL;C:\\Program Files (x86)\\NVIDIA Corporation\\PhysX\\Common;D:\\phpStudy\\PHPTutorial\\MySQL\\bin;C:\\WINDOWS\\system32;C:\\WINDOWS;C:\\WINDOWS\\System32\\Wbem;C:\\WINDOWS\\System32\\WindowsPowerShell\\v1.0\\;C:\\WINDOWS\\System32\\OpenSSH\\;D:\\phpStudy\\PHPTutorial\\php\\php-7.0.12-nts;F:\\Program Files\\Git\\cmd;\"C:\\Users\\86176\\AppData\\Local\\Microsoft\\WindowsApps;D:\\phpStudy\\PHPTutorial\\MySQL\\bin\";C:\\Users\\86176\\AppData\\Local\\Microsoft\\WindowsApps;C:\\Users\\86176\\AppData\\Roaming\\Composer\\vendor\\bin'
    'SYSTEMROOT' => 'C:\\WINDOWS'
    'COMSPEC' => 'C:\\WINDOWS\\system32\\cmd.exe'
    'PATHEXT' => '.COM;.EXE;.BAT;.CMD;.VBS;.VBE;.JS;.JSE;.WSF;.WSH;.MSC'
    'WINDIR' => 'C:\\WINDOWS'
    'PHP_FCGI_MAX_REQUESTS' => '1000'
    'PHPRC' => 'D:/phpStudy/PHPTutorial/php/php-7.0.12-nts/'
    '_FCGI_SHUTDOWN_EVENT_' => '2248'
    'SCRIPT_NAME' => '/api/index.php'
    'REQUEST_URI' => '/api/v1/site/register'
    'QUERY_STRING' => ''
    'REQUEST_METHOD' => 'POST'
    'SERVER_PROTOCOL' => 'HTTP/1.1'
    'GATEWAY_INTERFACE' => 'CGI/1.1'
    'REDIRECT_URL' => '/api/v1/site/register'
    'REMOTE_PORT' => '14923'
    'SCRIPT_FILENAME' => 'D:/php code/qd/frontend/web/api/index.php'
    'SERVER_ADMIN' => 'admin@php.cn'
    'CONTEXT_DOCUMENT_ROOT' => 'D:/php code/qd/frontend/web'
    'CONTEXT_PREFIX' => ''
    'REQUEST_SCHEME' => 'http'
    'DOCUMENT_ROOT' => 'D:/php code/qd/frontend/web'
    'REMOTE_ADDR' => '192.168.1.139'
    'SERVER_PORT' => '80'
    'SERVER_ADDR' => '192.168.1.139'
    'SERVER_NAME' => 'www.qd.com'
    'SERVER_SOFTWARE' => 'Apache/2.4.23 (Win32) OpenSSL/1.0.2j mod_fcgid/2.3.9'
    'SERVER_SIGNATURE' => ''
    'SystemRoot' => 'C:\\WINDOWS'
    'CONTENT_LENGTH' => '68'
    'HTTP_CONNECTION' => 'close'
    'HTTP_ACCEPT_ENCODING' => 'gzip, deflate, br'
    'HTTP_HOST' => 'www.qd.com'
    'HTTP_POSTMAN_TOKEN' => 'b910476f-8b4f-468e-a19e-5a8f5e30f411'
    'HTTP_CACHE_CONTROL' => 'no-cache'
    'HTTP_ACCEPT' => '*/*'
    'HTTP_USER_AGENT' => 'PostmanRuntime/7.24.1'
    'CONTENT_TYPE' => 'application/json'
    'REDIRECT_STATUS' => '200'
    'FCGI_ROLE' => 'RESPONDER'
    'PHP_SELF' => '/api/index.php'
    'REQUEST_TIME_FLOAT' => 1588209510.3962
    'REQUEST_TIME' => 1588209510
]
2020-04-30 01:22:11 [192.168.1.139][-][-][warning][yii\debug\Module::checkAccess] Access to debugger is denied due to IP address restriction. The requesting IP address is 192.168.1.139
2020-04-30 01:22:07 [192.168.1.139][-][-][info][application] $_GET = []

$_POST = []

$_FILES = []

$_COOKIE = []

$_SERVER = [
    'PATH' => 'C:\\Program Files (x86)\\Intel\\Intel(R) Management Engine Components\\iCLS\\;C:\\Program Files\\Intel\\Intel(R) Management Engine Components\\iCLS\\;C:\\Windows\\system32;C:\\Windows;C:\\Windows\\System32\\Wbem;C:\\Windows\\System32\\WindowsPowerShell\\v1.0\\;C:\\Windows\\System32\\OpenSSH\\;C:\\Program Files (x86)\\Intel\\Intel(R) Management Engine Components\\DAL;C:\\Program Files\\Intel\\Intel(R) Management Engine Components\\DAL;C:\\Program Files (x86)\\NVIDIA Corporation\\PhysX\\Common;D:\\phpStudy\\PHPTutorial\\MySQL\\bin;C:\\WINDOWS\\system32;C:\\WINDOWS;C:\\WINDOWS\\System32\\Wbem;C:\\WINDOWS\\System32\\WindowsPowerShell\\v1.0\\;C:\\WINDOWS\\System32\\OpenSSH\\;D:\\phpStudy\\PHPTutorial\\php\\php-7.0.12-nts;F:\\Program Files\\Git\\cmd;\"C:\\Users\\86176\\AppData\\Local\\Microsoft\\WindowsApps;D:\\phpStudy\\PHPTutorial\\MySQL\\bin\";C:\\Users\\86176\\AppData\\Local\\Microsoft\\WindowsApps;C:\\Users\\86176\\AppData\\Roaming\\Composer\\vendor\\bin'
    'SYSTEMROOT' => 'C:\\WINDOWS'
    'COMSPEC' => 'C:\\WINDOWS\\system32\\cmd.exe'
    'PATHEXT' => '.COM;.EXE;.BAT;.CMD;.VBS;.VBE;.JS;.JSE;.WSF;.WSH;.MSC'
    'WINDIR' => 'C:\\WINDOWS'
    'PHP_FCGI_MAX_REQUESTS' => '1000'
    'PHPRC' => 'D:/phpStudy/PHPTutorial/php/php-7.0.12-nts/'
    '_FCGI_SHUTDOWN_EVENT_' => '2156'
    'SCRIPT_NAME' => '/api/index.php'
    'REQUEST_URI' => '/api/v1/site/login'
    'QUERY_STRING' => ''
    'REQUEST_METHOD' => 'POST'
    'SERVER_PROTOCOL' => 'HTTP/1.1'
    'GATEWAY_INTERFACE' => 'CGI/1.1'
    'REDIRECT_URL' => '/api/v1/site/login'
    'REMOTE_PORT' => '14949'
    'SCRIPT_FILENAME' => 'D:/php code/qd/frontend/web/api/index.php'
    'SERVER_ADMIN' => 'admin@php.cn'
    'CONTEXT_DOCUMENT_ROOT' => 'D:/php code/qd/frontend/web'
    'CONTEXT_PREFIX' => ''
    'REQUEST_SCHEME' => 'http'
    'DOCUMENT_ROOT' => 'D:/php code/qd/frontend/web'
    'REMOTE_ADDR' => '192.168.1.139'
    'SERVER_PORT' => '80'
    'SERVER_ADDR' => '192.168.1.139'
    'SERVER_NAME' => 'www.qd.com'
    'SERVER_SOFTWARE' => 'Apache/2.4.23 (Win32) OpenSSL/1.0.2j mod_fcgid/2.3.9'
    'SERVER_SIGNATURE' => ''
    'SystemRoot' => 'C:\\WINDOWS'
    'CONTENT_LENGTH' => '68'
    'HTTP_CONNECTION' => 'close'
    'HTTP_ACCEPT_ENCODING' => 'gzip, deflate, br'
    'HTTP_HOST' => 'www.qd.com'
    'HTTP_POSTMAN_TOKEN' => '2730a570-eccf-418e-9d73-b3122b9db9cc'
    'HTTP_CACHE_CONTROL' => 'no-cache'
    'HTTP_ACCEPT' => '*/*'
    'HTTP_USER_AGENT' => 'PostmanRuntime/7.24.1'
    'CONTENT_TYPE' => 'application/json'
    'REDIRECT_STATUS' => '200'
    'FCGI_ROLE' => 'RESPONDER'
    'PHP_SELF' => '/api/index.php'
    'REQUEST_TIME_FLOAT' => 1588209727.819
    'REQUEST_TIME' => 1588209727
]
2020-04-30 01:25:10 [192.168.1.139][-][-][warning][yii\debug\Module::checkAccess] Access to debugger is denied due to IP address restriction. The requesting IP address is 192.168.1.139
2020-04-30 01:25:08 [192.168.1.139][-][-][info][application] $_GET = []

$_POST = []

$_FILES = []

$_COOKIE = []

$_SERVER = [
    'PATH' => 'C:\\Program Files (x86)\\Intel\\Intel(R) Management Engine Components\\iCLS\\;C:\\Program Files\\Intel\\Intel(R) Management Engine Components\\iCLS\\;C:\\Windows\\system32;C:\\Windows;C:\\Windows\\System32\\Wbem;C:\\Windows\\System32\\WindowsPowerShell\\v1.0\\;C:\\Windows\\System32\\OpenSSH\\;C:\\Program Files (x86)\\Intel\\Intel(R) Management Engine Components\\DAL;C:\\Program Files\\Intel\\Intel(R) Management Engine Components\\DAL;C:\\Program Files (x86)\\NVIDIA Corporation\\PhysX\\Common;D:\\phpStudy\\PHPTutorial\\MySQL\\bin;C:\\WINDOWS\\system32;C:\\WINDOWS;C:\\WINDOWS\\System32\\Wbem;C:\\WINDOWS\\System32\\WindowsPowerShell\\v1.0\\;C:\\WINDOWS\\System32\\OpenSSH\\;D:\\phpStudy\\PHPTutorial\\php\\php-7.0.12-nts;F:\\Program Files\\Git\\cmd;\"C:\\Users\\86176\\AppData\\Local\\Microsoft\\WindowsApps;D:\\phpStudy\\PHPTutorial\\MySQL\\bin\";C:\\Users\\86176\\AppData\\Local\\Microsoft\\WindowsApps;C:\\Users\\86176\\AppData\\Roaming\\Composer\\vendor\\bin'
    'SYSTEMROOT' => 'C:\\WINDOWS'
    'COMSPEC' => 'C:\\WINDOWS\\system32\\cmd.exe'
    'PATHEXT' => '.COM;.EXE;.BAT;.CMD;.VBS;.VBE;.JS;.JSE;.WSF;.WSH;.MSC'
    'WINDIR' => 'C:\\WINDOWS'
    'PHP_FCGI_MAX_REQUESTS' => '1000'
    'PHPRC' => 'D:/phpStudy/PHPTutorial/php/php-7.0.12-nts/'
    '_FCGI_SHUTDOWN_EVENT_' => '2156'
    'SCRIPT_NAME' => '/api/index.php'
    'REQUEST_URI' => '/api/v1/site/login'
    'QUERY_STRING' => ''
    'REQUEST_METHOD' => 'POST'
    'SERVER_PROTOCOL' => 'HTTP/1.1'
    'GATEWAY_INTERFACE' => 'CGI/1.1'
    'REDIRECT_URL' => '/api/v1/site/login'
    'REMOTE_PORT' => '14976'
    'SCRIPT_FILENAME' => 'D:/php code/qd/frontend/web/api/index.php'
    'SERVER_ADMIN' => 'admin@php.cn'
    'CONTEXT_DOCUMENT_ROOT' => 'D:/php code/qd/frontend/web'
    'CONTEXT_PREFIX' => ''
    'REQUEST_SCHEME' => 'http'
    'DOCUMENT_ROOT' => 'D:/php code/qd/frontend/web'
    'REMOTE_ADDR' => '192.168.1.139'
    'SERVER_PORT' => '80'
    'SERVER_ADDR' => '192.168.1.139'
    'SERVER_NAME' => 'www.qd.com'
    'SERVER_SOFTWARE' => 'Apache/2.4.23 (Win32) OpenSSL/1.0.2j mod_fcgid/2.3.9'
    'SERVER_SIGNATURE' => ''
    'SystemRoot' => 'C:\\WINDOWS'
    'CONTENT_LENGTH' => '64'
    'HTTP_CONNECTION' => 'close'
    'HTTP_ACCEPT_ENCODING' => 'gzip, deflate, br'
    'HTTP_HOST' => 'www.qd.com'
    'HTTP_POSTMAN_TOKEN' => '880b0be9-0d0e-4303-a130-cef7eb99b517'
    'HTTP_CACHE_CONTROL' => 'no-cache'
    'HTTP_ACCEPT' => '*/*'
    'HTTP_USER_AGENT' => 'PostmanRuntime/7.24.1'
    'CONTENT_TYPE' => 'application/json'
    'REDIRECT_STATUS' => '200'
    'FCGI_ROLE' => 'RESPONDER'
    'PHP_SELF' => '/api/index.php'
    'REQUEST_TIME_FLOAT' => 1588209908.078
    'REQUEST_TIME' => 1588209908
]
2020-04-30 01:25:20 [192.168.1.139][-][-][warning][yii\debug\Module::checkAccess] Access to debugger is denied due to IP address restriction. The requesting IP address is 192.168.1.139
2020-04-30 01:25:17 [192.168.1.139][-][-][info][application] $_GET = []

$_POST = []

$_FILES = []

$_COOKIE = []

$_SERVER = [
    'PATH' => 'C:\\Program Files (x86)\\Intel\\Intel(R) Management Engine Components\\iCLS\\;C:\\Program Files\\Intel\\Intel(R) Management Engine Components\\iCLS\\;C:\\Windows\\system32;C:\\Windows;C:\\Windows\\System32\\Wbem;C:\\Windows\\System32\\WindowsPowerShell\\v1.0\\;C:\\Windows\\System32\\OpenSSH\\;C:\\Program Files (x86)\\Intel\\Intel(R) Management Engine Components\\DAL;C:\\Program Files\\Intel\\Intel(R) Management Engine Components\\DAL;C:\\Program Files (x86)\\NVIDIA Corporation\\PhysX\\Common;D:\\phpStudy\\PHPTutorial\\MySQL\\bin;C:\\WINDOWS\\system32;C:\\WINDOWS;C:\\WINDOWS\\System32\\Wbem;C:\\WINDOWS\\System32\\WindowsPowerShell\\v1.0\\;C:\\WINDOWS\\System32\\OpenSSH\\;D:\\phpStudy\\PHPTutorial\\php\\php-7.0.12-nts;F:\\Program Files\\Git\\cmd;\"C:\\Users\\86176\\AppData\\Local\\Microsoft\\WindowsApps;D:\\phpStudy\\PHPTutorial\\MySQL\\bin\";C:\\Users\\86176\\AppData\\Local\\Microsoft\\WindowsApps;C:\\Users\\86176\\AppData\\Roaming\\Composer\\vendor\\bin'
    'SYSTEMROOT' => 'C:\\WINDOWS'
    'COMSPEC' => 'C:\\WINDOWS\\system32\\cmd.exe'
    'PATHEXT' => '.COM;.EXE;.BAT;.CMD;.VBS;.VBE;.JS;.JSE;.WSF;.WSH;.MSC'
    'WINDIR' => 'C:\\WINDOWS'
    'PHP_FCGI_MAX_REQUESTS' => '1000'
    'PHPRC' => 'D:/phpStudy/PHPTutorial/php/php-7.0.12-nts/'
    '_FCGI_SHUTDOWN_EVENT_' => '2156'
    'SCRIPT_NAME' => '/api/index.php'
    'REQUEST_URI' => '/api/v1/site/login'
    'QUERY_STRING' => ''
    'REQUEST_METHOD' => 'POST'
    'SERVER_PROTOCOL' => 'HTTP/1.1'
    'GATEWAY_INTERFACE' => 'CGI/1.1'
    'REDIRECT_URL' => '/api/v1/site/login'
    'REMOTE_PORT' => '14979'
    'SCRIPT_FILENAME' => 'D:/php code/qd/frontend/web/api/index.php'
    'SERVER_ADMIN' => 'admin@php.cn'
    'CONTEXT_DOCUMENT_ROOT' => 'D:/php code/qd/frontend/web'
    'CONTEXT_PREFIX' => ''
    'REQUEST_SCHEME' => 'http'
    'DOCUMENT_ROOT' => 'D:/php code/qd/frontend/web'
    'REMOTE_ADDR' => '192.168.1.139'
    'SERVER_PORT' => '80'
    'SERVER_ADDR' => '192.168.1.139'
    'SERVER_NAME' => 'www.qd.com'
    'SERVER_SOFTWARE' => 'Apache/2.4.23 (Win32) OpenSSL/1.0.2j mod_fcgid/2.3.9'
    'SERVER_SIGNATURE' => ''
    'SystemRoot' => 'C:\\WINDOWS'
    'CONTENT_LENGTH' => '64'
    'HTTP_CONNECTION' => 'close'
    'HTTP_ACCEPT_ENCODING' => 'gzip, deflate, br'
    'HTTP_HOST' => 'www.qd.com'
    'HTTP_POSTMAN_TOKEN' => 'b965c652-1fbc-4ef8-89a8-fc601fbfd110'
    'HTTP_CACHE_CONTROL' => 'no-cache'
    'HTTP_ACCEPT' => '*/*'
    'HTTP_USER_AGENT' => 'PostmanRuntime/7.24.1'
    'CONTENT_TYPE' => 'application/json'
    'REDIRECT_STATUS' => '200'
    'FCGI_ROLE' => 'RESPONDER'
    'PHP_SELF' => '/api/index.php'
    'REQUEST_TIME_FLOAT' => 1588209917.0754
    'REQUEST_TIME' => 1588209917
]
2020-04-30 01:35:53 [192.168.1.139][-][-][warning][yii\debug\Module::checkAccess] Access to debugger is denied due to IP address restriction. The requesting IP address is 192.168.1.139
2020-04-30 01:35:51 [192.168.1.139][-][-][info][application] $_GET = []

$_POST = []

$_FILES = []

$_COOKIE = []

$_SERVER = [
    'PATH' => 'C:\\Program Files (x86)\\Intel\\Intel(R) Management Engine Components\\iCLS\\;C:\\Program Files\\Intel\\Intel(R) Management Engine Components\\iCLS\\;C:\\Windows\\system32;C:\\Windows;C:\\Windows\\System32\\Wbem;C:\\Windows\\System32\\WindowsPowerShell\\v1.0\\;C:\\Windows\\System32\\OpenSSH\\;C:\\Program Files (x86)\\Intel\\Intel(R) Management Engine Components\\DAL;C:\\Program Files\\Intel\\Intel(R) Management Engine Components\\DAL;C:\\Program Files (x86)\\NVIDIA Corporation\\PhysX\\Common;D:\\phpStudy\\PHPTutorial\\MySQL\\bin;C:\\WINDOWS\\system32;C:\\WINDOWS;C:\\WINDOWS\\System32\\Wbem;C:\\WINDOWS\\System32\\WindowsPowerShell\\v1.0\\;C:\\WINDOWS\\System32\\OpenSSH\\;D:\\phpStudy\\PHPTutorial\\php\\php-7.0.12-nts;F:\\Program Files\\Git\\cmd;\"C:\\Users\\86176\\AppData\\Local\\Microsoft\\WindowsApps;D:\\phpStudy\\PHPTutorial\\MySQL\\bin\";C:\\Users\\86176\\AppData\\Local\\Microsoft\\WindowsApps;C:\\Users\\86176\\AppData\\Roaming\\Composer\\vendor\\bin'
    'SYSTEMROOT' => 'C:\\WINDOWS'
    'COMSPEC' => 'C:\\WINDOWS\\system32\\cmd.exe'
    'PATHEXT' => '.COM;.EXE;.BAT;.CMD;.VBS;.VBE;.JS;.JSE;.WSF;.WSH;.MSC'
    'WINDIR' => 'C:\\WINDOWS'
    'PHP_FCGI_MAX_REQUESTS' => '1000'
    'PHPRC' => 'D:/phpStudy/PHPTutorial/php/php-7.0.12-nts/'
    '_FCGI_SHUTDOWN_EVENT_' => '2212'
    'SCRIPT_NAME' => '/api/index.php'
    'REQUEST_URI' => '/api/v1/site/login'
    'QUERY_STRING' => ''
    'REQUEST_METHOD' => 'POST'
    'SERVER_PROTOCOL' => 'HTTP/1.1'
    'GATEWAY_INTERFACE' => 'CGI/1.1'
    'REDIRECT_URL' => '/api/v1/site/login'
    'REMOTE_PORT' => '1026'
    'SCRIPT_FILENAME' => 'D:/php code/qd/frontend/web/api/index.php'
    'SERVER_ADMIN' => 'admin@php.cn'
    'CONTEXT_DOCUMENT_ROOT' => 'D:/php code/qd/frontend/web'
    'CONTEXT_PREFIX' => ''
    'REQUEST_SCHEME' => 'http'
    'DOCUMENT_ROOT' => 'D:/php code/qd/frontend/web'
    'REMOTE_ADDR' => '192.168.1.139'
    'SERVER_PORT' => '80'
    'SERVER_ADDR' => '192.168.1.139'
    'SERVER_NAME' => 'www.qd.com'
    'SERVER_SOFTWARE' => 'Apache/2.4.23 (Win32) OpenSSL/1.0.2j mod_fcgid/2.3.9'
    'SERVER_SIGNATURE' => ''
    'SystemRoot' => 'C:\\WINDOWS'
    'CONTENT_LENGTH' => '65'
    'HTTP_CONNECTION' => 'close'
    'HTTP_ACCEPT_ENCODING' => 'gzip, deflate, br'
    'HTTP_HOST' => 'www.qd.com'
    'HTTP_POSTMAN_TOKEN' => 'a60188b9-2682-41d3-b87a-4069872199f2'
    'HTTP_CACHE_CONTROL' => 'no-cache'
    'HTTP_ACCEPT' => '*/*'
    'HTTP_USER_AGENT' => 'PostmanRuntime/7.24.1'
    'CONTENT_TYPE' => 'application/json'
    'REDIRECT_STATUS' => '200'
    'FCGI_ROLE' => 'RESPONDER'
    'PHP_SELF' => '/api/index.php'
    'REQUEST_TIME_FLOAT' => 1588210551.0487
    'REQUEST_TIME' => 1588210551
]
2020-04-30 01:36:15 [192.168.1.139][-][-][warning][yii\debug\Module::checkAccess] Access to debugger is denied due to IP address restriction. The requesting IP address is 192.168.1.139
2020-04-30 01:36:13 [192.168.1.139][-][-][info][application] $_GET = []

$_POST = []

$_FILES = []

$_COOKIE = []

$_SERVER = [
    'PATH' => 'C:\\Program Files (x86)\\Intel\\Intel(R) Management Engine Components\\iCLS\\;C:\\Program Files\\Intel\\Intel(R) Management Engine Components\\iCLS\\;C:\\Windows\\system32;C:\\Windows;C:\\Windows\\System32\\Wbem;C:\\Windows\\System32\\WindowsPowerShell\\v1.0\\;C:\\Windows\\System32\\OpenSSH\\;C:\\Program Files (x86)\\Intel\\Intel(R) Management Engine Components\\DAL;C:\\Program Files\\Intel\\Intel(R) Management Engine Components\\DAL;C:\\Program Files (x86)\\NVIDIA Corporation\\PhysX\\Common;D:\\phpStudy\\PHPTutorial\\MySQL\\bin;C:\\WINDOWS\\system32;C:\\WINDOWS;C:\\WINDOWS\\System32\\Wbem;C:\\WINDOWS\\System32\\WindowsPowerShell\\v1.0\\;C:\\WINDOWS\\System32\\OpenSSH\\;D:\\phpStudy\\PHPTutorial\\php\\php-7.0.12-nts;F:\\Program Files\\Git\\cmd;\"C:\\Users\\86176\\AppData\\Local\\Microsoft\\WindowsApps;D:\\phpStudy\\PHPTutorial\\MySQL\\bin\";C:\\Users\\86176\\AppData\\Local\\Microsoft\\WindowsApps;C:\\Users\\86176\\AppData\\Roaming\\Composer\\vendor\\bin'
    'SYSTEMROOT' => 'C:\\WINDOWS'
    'COMSPEC' => 'C:\\WINDOWS\\system32\\cmd.exe'
    'PATHEXT' => '.COM;.EXE;.BAT;.CMD;.VBS;.VBE;.JS;.JSE;.WSF;.WSH;.MSC'
    'WINDIR' => 'C:\\WINDOWS'
    'PHP_FCGI_MAX_REQUESTS' => '1000'
    'PHPRC' => 'D:/phpStudy/PHPTutorial/php/php-7.0.12-nts/'
    '_FCGI_SHUTDOWN_EVENT_' => '2212'
    'SCRIPT_NAME' => '/api/index.php'
    'REQUEST_URI' => '/api/v1/site/login'
    'QUERY_STRING' => ''
    'REQUEST_METHOD' => 'POST'
    'SERVER_PROTOCOL' => 'HTTP/1.1'
    'GATEWAY_INTERFACE' => 'CGI/1.1'
    'REDIRECT_URL' => '/api/v1/site/login'
    'REMOTE_PORT' => '1035'
    'SCRIPT_FILENAME' => 'D:/php code/qd/frontend/web/api/index.php'
    'SERVER_ADMIN' => 'admin@php.cn'
    'CONTEXT_DOCUMENT_ROOT' => 'D:/php code/qd/frontend/web'
    'CONTEXT_PREFIX' => ''
    'REQUEST_SCHEME' => 'http'
    'DOCUMENT_ROOT' => 'D:/php code/qd/frontend/web'
    'REMOTE_ADDR' => '192.168.1.139'
    'SERVER_PORT' => '80'
    'SERVER_ADDR' => '192.168.1.139'
    'SERVER_NAME' => 'www.qd.com'
    'SERVER_SOFTWARE' => 'Apache/2.4.23 (Win32) OpenSSL/1.0.2j mod_fcgid/2.3.9'
    'SERVER_SIGNATURE' => ''
    'SystemRoot' => 'C:\\WINDOWS'
    'CONTENT_LENGTH' => '83'
    'HTTP_CONNECTION' => 'close'
    'HTTP_ACCEPT_ENCODING' => 'gzip, deflate, br'
    'HTTP_HOST' => 'www.qd.com'
    'HTTP_POSTMAN_TOKEN' => '82745d87-8ade-4329-b066-bc8d1368651f'
    'HTTP_CACHE_CONTROL' => 'no-cache'
    'HTTP_ACCEPT' => '*/*'
    'HTTP_USER_AGENT' => 'PostmanRuntime/7.24.1'
    'CONTENT_TYPE' => 'application/json'
    'REDIRECT_STATUS' => '200'
    'FCGI_ROLE' => 'RESPONDER'
    'PHP_SELF' => '/api/index.php'
    'REQUEST_TIME_FLOAT' => 1588210573.7474
    'REQUEST_TIME' => 1588210573
]
2020-04-30 01:36:28 [192.168.1.139][-][-][error][yii\base\UnknownPropertyException] yii\base\UnknownPropertyException: Setting unknown property: common\models\User::repwd in D:\php code\qd\vendor\yiisoft\yii2\base\Component.php:209
Stack trace:
#0 D:\php code\qd\vendor\yiisoft\yii2\db\BaseActiveRecord.php(324): yii\base\Component->__set('repwd', '123456')
#1 D:\php code\qd\api\models\form\SignupForm.php(59): yii\db\BaseActiveRecord->__set('repwd', '123456')
#2 D:\php code\qd\api\controllers\SiteController.php(103): api\models\form\SignupForm->signup()
#3 [internal function]: api\controllers\SiteController->actionRegister()
#4 D:\php code\qd\vendor\yiisoft\yii2\base\InlineAction.php(57): call_user_func_array(Array, Array)
#5 D:\php code\qd\vendor\yiisoft\yii2\base\Controller.php(157): yii\base\InlineAction->runWithParams(Array)
#6 D:\php code\qd\vendor\yiisoft\yii2\base\Module.php(528): yii\base\Controller->runAction('register', Array)
#7 D:\php code\qd\vendor\yiisoft\yii2\web\Application.php(103): yii\base\Module->runAction('v1/site/registe...', Array)
#8 D:\php code\qd\vendor\yiisoft\yii2\base\Application.php(386): yii\web\Application->handleRequest(Object(yii\web\Request))
#9 D:\php code\qd\frontend\web\api\index.php(18): yii\base\Application->run()
#10 {main}
2020-04-30 01:36:28 [192.168.1.139][-][-][warning][yii\debug\Module::checkAccess] Access to debugger is denied due to IP address restriction. The requesting IP address is 192.168.1.139
2020-04-30 01:36:26 [192.168.1.139][-][-][info][application] $_GET = []

$_POST = []

$_FILES = []

$_COOKIE = []

$_SERVER = [
    'PATH' => 'C:\\Program Files (x86)\\Intel\\Intel(R) Management Engine Components\\iCLS\\;C:\\Program Files\\Intel\\Intel(R) Management Engine Components\\iCLS\\;C:\\Windows\\system32;C:\\Windows;C:\\Windows\\System32\\Wbem;C:\\Windows\\System32\\WindowsPowerShell\\v1.0\\;C:\\Windows\\System32\\OpenSSH\\;C:\\Program Files (x86)\\Intel\\Intel(R) Management Engine Components\\DAL;C:\\Program Files\\Intel\\Intel(R) Management Engine Components\\DAL;C:\\Program Files (x86)\\NVIDIA Corporation\\PhysX\\Common;D:\\phpStudy\\PHPTutorial\\MySQL\\bin;C:\\WINDOWS\\system32;C:\\WINDOWS;C:\\WINDOWS\\System32\\Wbem;C:\\WINDOWS\\System32\\WindowsPowerShell\\v1.0\\;C:\\WINDOWS\\System32\\OpenSSH\\;D:\\phpStudy\\PHPTutorial\\php\\php-7.0.12-nts;F:\\Program Files\\Git\\cmd;\"C:\\Users\\86176\\AppData\\Local\\Microsoft\\WindowsApps;D:\\phpStudy\\PHPTutorial\\MySQL\\bin\";C:\\Users\\86176\\AppData\\Local\\Microsoft\\WindowsApps;C:\\Users\\86176\\AppData\\Roaming\\Composer\\vendor\\bin'
    'SYSTEMROOT' => 'C:\\WINDOWS'
    'COMSPEC' => 'C:\\WINDOWS\\system32\\cmd.exe'
    'PATHEXT' => '.COM;.EXE;.BAT;.CMD;.VBS;.VBE;.JS;.JSE;.WSF;.WSH;.MSC'
    'WINDIR' => 'C:\\WINDOWS'
    'PHP_FCGI_MAX_REQUESTS' => '1000'
    'PHPRC' => 'D:/phpStudy/PHPTutorial/php/php-7.0.12-nts/'
    '_FCGI_SHUTDOWN_EVENT_' => '2212'
    'SCRIPT_NAME' => '/api/index.php'
    'REQUEST_URI' => '/api/v1/site/register'
    'QUERY_STRING' => ''
    'REQUEST_METHOD' => 'POST'
    'SERVER_PROTOCOL' => 'HTTP/1.1'
    'GATEWAY_INTERFACE' => 'CGI/1.1'
    'REDIRECT_URL' => '/api/v1/site/register'
    'REMOTE_PORT' => '1042'
    'SCRIPT_FILENAME' => 'D:/php code/qd/frontend/web/api/index.php'
    'SERVER_ADMIN' => 'admin@php.cn'
    'CONTEXT_DOCUMENT_ROOT' => 'D:/php code/qd/frontend/web'
    'CONTEXT_PREFIX' => ''
    'REQUEST_SCHEME' => 'http'
    'DOCUMENT_ROOT' => 'D:/php code/qd/frontend/web'
    'REMOTE_ADDR' => '192.168.1.139'
    'SERVER_PORT' => '80'
    'SERVER_ADDR' => '192.168.1.139'
    'SERVER_NAME' => 'www.qd.com'
    'SERVER_SOFTWARE' => 'Apache/2.4.23 (Win32) OpenSSL/1.0.2j mod_fcgid/2.3.9'
    'SERVER_SIGNATURE' => ''
    'SystemRoot' => 'C:\\WINDOWS'
    'CONTENT_LENGTH' => '83'
    'HTTP_CONNECTION' => 'close'
    'HTTP_ACCEPT_ENCODING' => 'gzip, deflate, br'
    'HTTP_HOST' => 'www.qd.com'
    'HTTP_POSTMAN_TOKEN' => 'a516522e-76bb-4396-8280-c162487e8cf8'
    'HTTP_CACHE_CONTROL' => 'no-cache'
    'HTTP_ACCEPT' => '*/*'
    'HTTP_USER_AGENT' => 'PostmanRuntime/7.24.1'
    'CONTENT_TYPE' => 'application/json'
    'REDIRECT_STATUS' => '200'
    'FCGI_ROLE' => 'RESPONDER'
    'PHP_SELF' => '/api/index.php'
    'REQUEST_TIME_FLOAT' => 1588210586.3823
    'REQUEST_TIME' => 1588210586
]
2020-04-30 01:36:40 [192.168.1.139][-][-][error][yii\base\UnknownPropertyException] yii\base\UnknownPropertyException: Setting unknown property: common\models\User::repwd in D:\php code\qd\vendor\yiisoft\yii2\base\Component.php:209
Stack trace:
#0 D:\php code\qd\vendor\yiisoft\yii2\db\BaseActiveRecord.php(324): yii\base\Component->__set('repwd', NULL)
#1 D:\php code\qd\api\models\form\SignupForm.php(59): yii\db\BaseActiveRecord->__set('repwd', NULL)
#2 D:\php code\qd\api\controllers\SiteController.php(103): api\models\form\SignupForm->signup()
#3 [internal function]: api\controllers\SiteController->actionRegister()
#4 D:\php code\qd\vendor\yiisoft\yii2\base\InlineAction.php(57): call_user_func_array(Array, Array)
#5 D:\php code\qd\vendor\yiisoft\yii2\base\Controller.php(157): yii\base\InlineAction->runWithParams(Array)
#6 D:\php code\qd\vendor\yiisoft\yii2\base\Module.php(528): yii\base\Controller->runAction('register', Array)
#7 D:\php code\qd\vendor\yiisoft\yii2\web\Application.php(103): yii\base\Module->runAction('v1/site/registe...', Array)
#8 D:\php code\qd\vendor\yiisoft\yii2\base\Application.php(386): yii\web\Application->handleRequest(Object(yii\web\Request))
#9 D:\php code\qd\frontend\web\api\index.php(18): yii\base\Application->run()
#10 {main}
2020-04-30 01:36:40 [192.168.1.139][-][-][warning][yii\debug\Module::checkAccess] Access to debugger is denied due to IP address restriction. The requesting IP address is 192.168.1.139
2020-04-30 01:36:38 [192.168.1.139][-][-][info][application] $_GET = []

$_POST = []

$_FILES = []

$_COOKIE = []

$_SERVER = [
    'PATH' => 'C:\\Program Files (x86)\\Intel\\Intel(R) Management Engine Components\\iCLS\\;C:\\Program Files\\Intel\\Intel(R) Management Engine Components\\iCLS\\;C:\\Windows\\system32;C:\\Windows;C:\\Windows\\System32\\Wbem;C:\\Windows\\System32\\WindowsPowerShell\\v1.0\\;C:\\Windows\\System32\\OpenSSH\\;C:\\Program Files (x86)\\Intel\\Intel(R) Management Engine Components\\DAL;C:\\Program Files\\Intel\\Intel(R) Management Engine Components\\DAL;C:\\Program Files (x86)\\NVIDIA Corporation\\PhysX\\Common;D:\\phpStudy\\PHPTutorial\\MySQL\\bin;C:\\WINDOWS\\system32;C:\\WINDOWS;C:\\WINDOWS\\System32\\Wbem;C:\\WINDOWS\\System32\\WindowsPowerShell\\v1.0\\;C:\\WINDOWS\\System32\\OpenSSH\\;D:\\phpStudy\\PHPTutorial\\php\\php-7.0.12-nts;F:\\Program Files\\Git\\cmd;\"C:\\Users\\86176\\AppData\\Local\\Microsoft\\WindowsApps;D:\\phpStudy\\PHPTutorial\\MySQL\\bin\";C:\\Users\\86176\\AppData\\Local\\Microsoft\\WindowsApps;C:\\Users\\86176\\AppData\\Roaming\\Composer\\vendor\\bin'
    'SYSTEMROOT' => 'C:\\WINDOWS'
    'COMSPEC' => 'C:\\WINDOWS\\system32\\cmd.exe'
    'PATHEXT' => '.COM;.EXE;.BAT;.CMD;.VBS;.VBE;.JS;.JSE;.WSF;.WSH;.MSC'
    'WINDIR' => 'C:\\WINDOWS'
    'PHP_FCGI_MAX_REQUESTS' => '1000'
    'PHPRC' => 'D:/phpStudy/PHPTutorial/php/php-7.0.12-nts/'
    '_FCGI_SHUTDOWN_EVENT_' => '2212'
    'SCRIPT_NAME' => '/api/index.php'
    'REQUEST_URI' => '/api/v1/site/register'
    'QUERY_STRING' => ''
    'REQUEST_METHOD' => 'POST'
    'SERVER_PROTOCOL' => 'HTTP/1.1'
    'GATEWAY_INTERFACE' => 'CGI/1.1'
    'REDIRECT_URL' => '/api/v1/site/register'
    'REMOTE_PORT' => '1049'
    'SCRIPT_FILENAME' => 'D:/php code/qd/frontend/web/api/index.php'
    'SERVER_ADMIN' => 'admin@php.cn'
    'CONTEXT_DOCUMENT_ROOT' => 'D:/php code/qd/frontend/web'
    'CONTEXT_PREFIX' => ''
    'REQUEST_SCHEME' => 'http'
    'DOCUMENT_ROOT' => 'D:/php code/qd/frontend/web'
    'REMOTE_ADDR' => '192.168.1.139'
    'SERVER_PORT' => '80'
    'SERVER_ADDR' => '192.168.1.139'
    'SERVER_NAME' => 'www.qd.com'
    'SERVER_SOFTWARE' => 'Apache/2.4.23 (Win32) OpenSSL/1.0.2j mod_fcgid/2.3.9'
    'SERVER_SIGNATURE' => ''
    'SystemRoot' => 'C:\\WINDOWS'
    'CONTENT_LENGTH' => '65'
    'HTTP_CONNECTION' => 'close'
    'HTTP_ACCEPT_ENCODING' => 'gzip, deflate, br'
    'HTTP_HOST' => 'www.qd.com'
    'HTTP_POSTMAN_TOKEN' => '2197169f-752f-4b9e-bd7b-b57893f24471'
    'HTTP_CACHE_CONTROL' => 'no-cache'
    'HTTP_ACCEPT' => '*/*'
    'HTTP_USER_AGENT' => 'PostmanRuntime/7.24.1'
    'CONTENT_TYPE' => 'application/json'
    'REDIRECT_STATUS' => '200'
    'FCGI_ROLE' => 'RESPONDER'
    'PHP_SELF' => '/api/index.php'
    'REQUEST_TIME_FLOAT' => 1588210598.0302
    'REQUEST_TIME' => 1588210598
]
2020-04-30 01:36:54 [192.168.1.139][-][-][warning][yii\debug\Module::checkAccess] Access to debugger is denied due to IP address restriction. The requesting IP address is 192.168.1.139
2020-04-30 01:36:51 [192.168.1.139][-][-][info][application] $_GET = []

$_POST = []

$_FILES = []

$_COOKIE = []

$_SERVER = [
    'PATH' => 'C:\\Program Files (x86)\\Intel\\Intel(R) Management Engine Components\\iCLS\\;C:\\Program Files\\Intel\\Intel(R) Management Engine Components\\iCLS\\;C:\\Windows\\system32;C:\\Windows;C:\\Windows\\System32\\Wbem;C:\\Windows\\System32\\WindowsPowerShell\\v1.0\\;C:\\Windows\\System32\\OpenSSH\\;C:\\Program Files (x86)\\Intel\\Intel(R) Management Engine Components\\DAL;C:\\Program Files\\Intel\\Intel(R) Management Engine Components\\DAL;C:\\Program Files (x86)\\NVIDIA Corporation\\PhysX\\Common;D:\\phpStudy\\PHPTutorial\\MySQL\\bin;C:\\WINDOWS\\system32;C:\\WINDOWS;C:\\WINDOWS\\System32\\Wbem;C:\\WINDOWS\\System32\\WindowsPowerShell\\v1.0\\;C:\\WINDOWS\\System32\\OpenSSH\\;D:\\phpStudy\\PHPTutorial\\php\\php-7.0.12-nts;F:\\Program Files\\Git\\cmd;\"C:\\Users\\86176\\AppData\\Local\\Microsoft\\WindowsApps;D:\\phpStudy\\PHPTutorial\\MySQL\\bin\";C:\\Users\\86176\\AppData\\Local\\Microsoft\\WindowsApps;C:\\Users\\86176\\AppData\\Roaming\\Composer\\vendor\\bin'
    'SYSTEMROOT' => 'C:\\WINDOWS'
    'COMSPEC' => 'C:\\WINDOWS\\system32\\cmd.exe'
    'PATHEXT' => '.COM;.EXE;.BAT;.CMD;.VBS;.VBE;.JS;.JSE;.WSF;.WSH;.MSC'
    'WINDIR' => 'C:\\WINDOWS'
    'PHP_FCGI_MAX_REQUESTS' => '1000'
    'PHPRC' => 'D:/phpStudy/PHPTutorial/php/php-7.0.12-nts/'
    '_FCGI_SHUTDOWN_EVENT_' => '2212'
    'SCRIPT_NAME' => '/api/index.php'
    'REQUEST_URI' => '/api/v1/site/register'
    'QUERY_STRING' => ''
    'REQUEST_METHOD' => 'POST'
    'SERVER_PROTOCOL' => 'HTTP/1.1'
    'GATEWAY_INTERFACE' => 'CGI/1.1'
    'REDIRECT_URL' => '/api/v1/site/register'
    'REMOTE_PORT' => '1055'
    'SCRIPT_FILENAME' => 'D:/php code/qd/frontend/web/api/index.php'
    'SERVER_ADMIN' => 'admin@php.cn'
    'CONTEXT_DOCUMENT_ROOT' => 'D:/php code/qd/frontend/web'
    'CONTEXT_PREFIX' => ''
    'REQUEST_SCHEME' => 'http'
    'DOCUMENT_ROOT' => 'D:/php code/qd/frontend/web'
    'REMOTE_ADDR' => '192.168.1.139'
    'SERVER_PORT' => '80'
    'SERVER_ADDR' => '192.168.1.139'
    'SERVER_NAME' => 'www.qd.com'
    'SERVER_SOFTWARE' => 'Apache/2.4.23 (Win32) OpenSSL/1.0.2j mod_fcgid/2.3.9'
    'SERVER_SIGNATURE' => ''
    'SystemRoot' => 'C:\\WINDOWS'
    'CONTENT_LENGTH' => '65'
    'HTTP_CONNECTION' => 'close'
    'HTTP_ACCEPT_ENCODING' => 'gzip, deflate, br'
    'HTTP_HOST' => 'www.qd.com'
    'HTTP_POSTMAN_TOKEN' => '6cdbfba0-a0e3-4e9e-bc9d-16a900fa5643'
    'HTTP_CACHE_CONTROL' => 'no-cache'
    'HTTP_ACCEPT' => '*/*'
    'HTTP_USER_AGENT' => 'PostmanRuntime/7.24.1'
    'CONTENT_TYPE' => 'application/json'
    'REDIRECT_STATUS' => '200'
    'FCGI_ROLE' => 'RESPONDER'
    'PHP_SELF' => '/api/index.php'
    'REQUEST_TIME_FLOAT' => 1588210611.9882
    'REQUEST_TIME' => 1588210611
]
2020-04-30 01:37:18 [192.168.1.139][-][-][warning][yii\debug\Module::checkAccess] Access to debugger is denied due to IP address restriction. The requesting IP address is 192.168.1.139
2020-04-30 01:37:15 [192.168.1.139][-][-][info][application] $_GET = []

$_POST = []

$_FILES = []

$_COOKIE = []

$_SERVER = [
    'PATH' => 'C:\\Program Files (x86)\\Intel\\Intel(R) Management Engine Components\\iCLS\\;C:\\Program Files\\Intel\\Intel(R) Management Engine Components\\iCLS\\;C:\\Windows\\system32;C:\\Windows;C:\\Windows\\System32\\Wbem;C:\\Windows\\System32\\WindowsPowerShell\\v1.0\\;C:\\Windows\\System32\\OpenSSH\\;C:\\Program Files (x86)\\Intel\\Intel(R) Management Engine Components\\DAL;C:\\Program Files\\Intel\\Intel(R) Management Engine Components\\DAL;C:\\Program Files (x86)\\NVIDIA Corporation\\PhysX\\Common;D:\\phpStudy\\PHPTutorial\\MySQL\\bin;C:\\WINDOWS\\system32;C:\\WINDOWS;C:\\WINDOWS\\System32\\Wbem;C:\\WINDOWS\\System32\\WindowsPowerShell\\v1.0\\;C:\\WINDOWS\\System32\\OpenSSH\\;D:\\phpStudy\\PHPTutorial\\php\\php-7.0.12-nts;F:\\Program Files\\Git\\cmd;\"C:\\Users\\86176\\AppData\\Local\\Microsoft\\WindowsApps;D:\\phpStudy\\PHPTutorial\\MySQL\\bin\";C:\\Users\\86176\\AppData\\Local\\Microsoft\\WindowsApps;C:\\Users\\86176\\AppData\\Roaming\\Composer\\vendor\\bin'
    'SYSTEMROOT' => 'C:\\WINDOWS'
    'COMSPEC' => 'C:\\WINDOWS\\system32\\cmd.exe'
    'PATHEXT' => '.COM;.EXE;.BAT;.CMD;.VBS;.VBE;.JS;.JSE;.WSF;.WSH;.MSC'
    'WINDIR' => 'C:\\WINDOWS'
    'PHP_FCGI_MAX_REQUESTS' => '1000'
    'PHPRC' => 'D:/phpStudy/PHPTutorial/php/php-7.0.12-nts/'
    '_FCGI_SHUTDOWN_EVENT_' => '2212'
    'SCRIPT_NAME' => '/api/index.php'
    'REQUEST_URI' => '/api/v1/site/login'
    'QUERY_STRING' => ''
    'REQUEST_METHOD' => 'POST'
    'SERVER_PROTOCOL' => 'HTTP/1.1'
    'GATEWAY_INTERFACE' => 'CGI/1.1'
    'REDIRECT_URL' => '/api/v1/site/login'
    'REMOTE_PORT' => '1058'
    'SCRIPT_FILENAME' => 'D:/php code/qd/frontend/web/api/index.php'
    'SERVER_ADMIN' => 'admin@php.cn'
    'CONTEXT_DOCUMENT_ROOT' => 'D:/php code/qd/frontend/web'
    'CONTEXT_PREFIX' => ''
    'REQUEST_SCHEME' => 'http'
    'DOCUMENT_ROOT' => 'D:/php code/qd/frontend/web'
    'REMOTE_ADDR' => '192.168.1.139'
    'SERVER_PORT' => '80'
    'SERVER_ADDR' => '192.168.1.139'
    'SERVER_NAME' => 'www.qd.com'
    'SERVER_SOFTWARE' => 'Apache/2.4.23 (Win32) OpenSSL/1.0.2j mod_fcgid/2.3.9'
    'SERVER_SIGNATURE' => ''
    'SystemRoot' => 'C:\\WINDOWS'
    'CONTENT_LENGTH' => '65'
    'HTTP_CONNECTION' => 'close'
    'HTTP_ACCEPT_ENCODING' => 'gzip, deflate, br'
    'HTTP_HOST' => 'www.qd.com'
    'HTTP_POSTMAN_TOKEN' => '2f2d529a-7120-46f9-97d4-fbc54df725eb'
    'HTTP_CACHE_CONTROL' => 'no-cache'
    'HTTP_ACCEPT' => '*/*'
    'HTTP_USER_AGENT' => 'PostmanRuntime/7.24.1'
    'CONTENT_TYPE' => 'application/json'
    'REDIRECT_STATUS' => '200'
    'FCGI_ROLE' => 'RESPONDER'
    'PHP_SELF' => '/api/index.php'
    'REQUEST_TIME_FLOAT' => 1588210635.1757
    'REQUEST_TIME' => 1588210635
]
2020-04-30 02:56:16 [192.168.1.139][-][-][warning][yii\debug\Module::checkAccess] Access to debugger is denied due to IP address restriction. The requesting IP address is 192.168.1.139
2020-04-30 02:56:14 [192.168.1.139][-][-][info][application] $_GET = []

$_POST = []

$_FILES = []

$_COOKIE = []

$_SERVER = [
    'PATH' => 'C:\\Program Files (x86)\\Intel\\Intel(R) Management Engine Components\\iCLS\\;C:\\Program Files\\Intel\\Intel(R) Management Engine Components\\iCLS\\;C:\\Windows\\system32;C:\\Windows;C:\\Windows\\System32\\Wbem;C:\\Windows\\System32\\WindowsPowerShell\\v1.0\\;C:\\Windows\\System32\\OpenSSH\\;C:\\Program Files (x86)\\Intel\\Intel(R) Management Engine Components\\DAL;C:\\Program Files\\Intel\\Intel(R) Management Engine Components\\DAL;C:\\Program Files (x86)\\NVIDIA Corporation\\PhysX\\Common;D:\\phpStudy\\PHPTutorial\\MySQL\\bin;C:\\WINDOWS\\system32;C:\\WINDOWS;C:\\WINDOWS\\System32\\Wbem;C:\\WINDOWS\\System32\\WindowsPowerShell\\v1.0\\;C:\\WINDOWS\\System32\\OpenSSH\\;D:\\phpStudy\\PHPTutorial\\php\\php-7.0.12-nts;F:\\Program Files\\Git\\cmd;\"C:\\Users\\86176\\AppData\\Local\\Microsoft\\WindowsApps;D:\\phpStudy\\PHPTutorial\\MySQL\\bin\";C:\\Users\\86176\\AppData\\Local\\Microsoft\\WindowsApps;C:\\Users\\86176\\AppData\\Roaming\\Composer\\vendor\\bin'
    'SYSTEMROOT' => 'C:\\WINDOWS'
    'COMSPEC' => 'C:\\WINDOWS\\system32\\cmd.exe'
    'PATHEXT' => '.COM;.EXE;.BAT;.CMD;.VBS;.VBE;.JS;.JSE;.WSF;.WSH;.MSC'
    'WINDIR' => 'C:\\WINDOWS'
    'PHP_FCGI_MAX_REQUESTS' => '1000'
    'PHPRC' => 'D:/phpStudy/PHPTutorial/php/php-7.0.12-nts/'
    '_FCGI_SHUTDOWN_EVENT_' => '2296'
    'SCRIPT_NAME' => '/api/index.php'
    'REQUEST_URI' => '/api/company/companyenter'
    'QUERY_STRING' => ''
    'REQUEST_METHOD' => 'POST'
    'SERVER_PROTOCOL' => 'HTTP/1.1'
    'GATEWAY_INTERFACE' => 'CGI/1.1'
    'REDIRECT_URL' => '/api/company/companyenter'
    'REMOTE_PORT' => '1922'
    'SCRIPT_FILENAME' => 'D:/php code/qd/frontend/web/api/index.php'
    'SERVER_ADMIN' => 'admin@php.cn'
    'CONTEXT_DOCUMENT_ROOT' => 'D:/php code/qd/frontend/web'
    'CONTEXT_PREFIX' => ''
    'REQUEST_SCHEME' => 'http'
    'DOCUMENT_ROOT' => 'D:/php code/qd/frontend/web'
    'REMOTE_ADDR' => '192.168.1.139'
    'SERVER_PORT' => '80'
    'SERVER_ADDR' => '192.168.1.139'
    'SERVER_NAME' => 'www.qd.com'
    'SERVER_SOFTWARE' => 'Apache/2.4.23 (Win32) OpenSSL/1.0.2j mod_fcgid/2.3.9'
    'SERVER_SIGNATURE' => ''
    'SystemRoot' => 'C:\\WINDOWS'
    'CONTENT_LENGTH' => '51'
    'HTTP_CONNECTION' => 'close'
    'HTTP_ACCEPT_ENCODING' => 'gzip, deflate, br'
    'HTTP_HOST' => 'www.qd.com'
    'HTTP_POSTMAN_TOKEN' => '20589120-7201-437e-aef0-88178cfef087'
    'HTTP_CACHE_CONTROL' => 'no-cache'
    'HTTP_ACCEPT' => '*/*'
    'HTTP_USER_AGENT' => 'PostmanRuntime/7.24.1'
    'CONTENT_TYPE' => 'application/json'
    'REDIRECT_STATUS' => '200'
    'FCGI_ROLE' => 'RESPONDER'
    'PHP_SELF' => '/api/index.php'
    'REQUEST_TIME_FLOAT' => 1588215374.3407
    'REQUEST_TIME' => 1588215374
]
2020-04-30 02:59:41 [192.168.1.139][-][-][warning][yii\debug\Module::checkAccess] Access to debugger is denied due to IP address restriction. The requesting IP address is 192.168.1.139
2020-04-30 02:59:39 [192.168.1.139][-][-][info][application] $_GET = []

$_POST = []

$_FILES = []

$_COOKIE = []

$_SERVER = [
    'PATH' => 'C:\\Program Files (x86)\\Intel\\Intel(R) Management Engine Components\\iCLS\\;C:\\Program Files\\Intel\\Intel(R) Management Engine Components\\iCLS\\;C:\\Windows\\system32;C:\\Windows;C:\\Windows\\System32\\Wbem;C:\\Windows\\System32\\WindowsPowerShell\\v1.0\\;C:\\Windows\\System32\\OpenSSH\\;C:\\Program Files (x86)\\Intel\\Intel(R) Management Engine Components\\DAL;C:\\Program Files\\Intel\\Intel(R) Management Engine Components\\DAL;C:\\Program Files (x86)\\NVIDIA Corporation\\PhysX\\Common;D:\\phpStudy\\PHPTutorial\\MySQL\\bin;C:\\WINDOWS\\system32;C:\\WINDOWS;C:\\WINDOWS\\System32\\Wbem;C:\\WINDOWS\\System32\\WindowsPowerShell\\v1.0\\;C:\\WINDOWS\\System32\\OpenSSH\\;D:\\phpStudy\\PHPTutorial\\php\\php-7.0.12-nts;F:\\Program Files\\Git\\cmd;\"C:\\Users\\86176\\AppData\\Local\\Microsoft\\WindowsApps;D:\\phpStudy\\PHPTutorial\\MySQL\\bin\";C:\\Users\\86176\\AppData\\Local\\Microsoft\\WindowsApps;C:\\Users\\86176\\AppData\\Roaming\\Composer\\vendor\\bin'
    'SYSTEMROOT' => 'C:\\WINDOWS'
    'COMSPEC' => 'C:\\WINDOWS\\system32\\cmd.exe'
    'PATHEXT' => '.COM;.EXE;.BAT;.CMD;.VBS;.VBE;.JS;.JSE;.WSF;.WSH;.MSC'
    'WINDIR' => 'C:\\WINDOWS'
    'PHP_FCGI_MAX_REQUESTS' => '1000'
    'PHPRC' => 'D:/phpStudy/PHPTutorial/php/php-7.0.12-nts/'
    '_FCGI_SHUTDOWN_EVENT_' => '2296'
    'SCRIPT_NAME' => '/api/index.php'
    'REQUEST_URI' => '/api/company/companyenter'
    'QUERY_STRING' => ''
    'REQUEST_METHOD' => 'POST'
    'SERVER_PROTOCOL' => 'HTTP/1.1'
    'GATEWAY_INTERFACE' => 'CGI/1.1'
    'REDIRECT_URL' => '/api/company/companyenter'
    'REMOTE_PORT' => '1953'
    'SCRIPT_FILENAME' => 'D:/php code/qd/frontend/web/api/index.php'
    'SERVER_ADMIN' => 'admin@php.cn'
    'CONTEXT_DOCUMENT_ROOT' => 'D:/php code/qd/frontend/web'
    'CONTEXT_PREFIX' => ''
    'REQUEST_SCHEME' => 'http'
    'DOCUMENT_ROOT' => 'D:/php code/qd/frontend/web'
    'REMOTE_ADDR' => '192.168.1.139'
    'SERVER_PORT' => '80'
    'SERVER_ADDR' => '192.168.1.139'
    'SERVER_NAME' => 'www.qd.com'
    'SERVER_SOFTWARE' => 'Apache/2.4.23 (Win32) OpenSSL/1.0.2j mod_fcgid/2.3.9'
    'SERVER_SIGNATURE' => ''
    'SystemRoot' => 'C:\\WINDOWS'
    'CONTENT_LENGTH' => '79'
    'HTTP_CONNECTION' => 'close'
    'HTTP_ACCEPT_ENCODING' => 'gzip, deflate, br'
    'HTTP_HOST' => 'www.qd.com'
    'HTTP_POSTMAN_TOKEN' => '74d6f645-5499-40fb-81a9-eaf1d007b745'
    'HTTP_CACHE_CONTROL' => 'no-cache'
    'HTTP_ACCEPT' => '*/*'
    'HTTP_USER_AGENT' => 'PostmanRuntime/7.24.1'
    'CONTENT_TYPE' => 'application/json'
    'REDIRECT_STATUS' => '200'
    'FCGI_ROLE' => 'RESPONDER'
    'PHP_SELF' => '/api/index.php'
    'REQUEST_TIME_FLOAT' => 1588215579.538
    'REQUEST_TIME' => 1588215579
]
2020-04-30 03:01:48 [192.168.1.139][-][-][warning][yii\debug\Module::checkAccess] Access to debugger is denied due to IP address restriction. The requesting IP address is 192.168.1.139
2020-04-30 03:01:46 [192.168.1.139][-][-][info][application] $_GET = []

$_POST = []

$_FILES = []

$_COOKIE = []

$_SERVER = [
    'PATH' => 'C:\\Program Files (x86)\\Intel\\Intel(R) Management Engine Components\\iCLS\\;C:\\Program Files\\Intel\\Intel(R) Management Engine Components\\iCLS\\;C:\\Windows\\system32;C:\\Windows;C:\\Windows\\System32\\Wbem;C:\\Windows\\System32\\WindowsPowerShell\\v1.0\\;C:\\Windows\\System32\\OpenSSH\\;C:\\Program Files (x86)\\Intel\\Intel(R) Management Engine Components\\DAL;C:\\Program Files\\Intel\\Intel(R) Management Engine Components\\DAL;C:\\Program Files (x86)\\NVIDIA Corporation\\PhysX\\Common;D:\\phpStudy\\PHPTutorial\\MySQL\\bin;C:\\WINDOWS\\system32;C:\\WINDOWS;C:\\WINDOWS\\System32\\Wbem;C:\\WINDOWS\\System32\\WindowsPowerShell\\v1.0\\;C:\\WINDOWS\\System32\\OpenSSH\\;D:\\phpStudy\\PHPTutorial\\php\\php-7.0.12-nts;F:\\Program Files\\Git\\cmd;\"C:\\Users\\86176\\AppData\\Local\\Microsoft\\WindowsApps;D:\\phpStudy\\PHPTutorial\\MySQL\\bin\";C:\\Users\\86176\\AppData\\Local\\Microsoft\\WindowsApps;C:\\Users\\86176\\AppData\\Roaming\\Composer\\vendor\\bin'
    'SYSTEMROOT' => 'C:\\WINDOWS'
    'COMSPEC' => 'C:\\WINDOWS\\system32\\cmd.exe'
    'PATHEXT' => '.COM;.EXE;.BAT;.CMD;.VBS;.VBE;.JS;.JSE;.WSF;.WSH;.MSC'
    'WINDIR' => 'C:\\WINDOWS'
    'PHP_FCGI_MAX_REQUESTS' => '1000'
    'PHPRC' => 'D:/phpStudy/PHPTutorial/php/php-7.0.12-nts/'
    '_FCGI_SHUTDOWN_EVENT_' => '2296'
    'SCRIPT_NAME' => '/api/index.php'
    'REQUEST_URI' => '/api/company/companyenter'
    'QUERY_STRING' => ''
    'REQUEST_METHOD' => 'POST'
    'SERVER_PROTOCOL' => 'HTTP/1.1'
    'GATEWAY_INTERFACE' => 'CGI/1.1'
    'REDIRECT_URL' => '/api/company/companyenter'
    'REMOTE_PORT' => '1957'
    'SCRIPT_FILENAME' => 'D:/php code/qd/frontend/web/api/index.php'
    'SERVER_ADMIN' => 'admin@php.cn'
    'CONTEXT_DOCUMENT_ROOT' => 'D:/php code/qd/frontend/web'
    'CONTEXT_PREFIX' => ''
    'REQUEST_SCHEME' => 'http'
    'DOCUMENT_ROOT' => 'D:/php code/qd/frontend/web'
    'REMOTE_ADDR' => '192.168.1.139'
    'SERVER_PORT' => '80'
    'SERVER_ADDR' => '192.168.1.139'
    'SERVER_NAME' => 'www.qd.com'
    'SERVER_SOFTWARE' => 'Apache/2.4.23 (Win32) OpenSSL/1.0.2j mod_fcgid/2.3.9'
    'SERVER_SIGNATURE' => ''
    'SystemRoot' => 'C:\\WINDOWS'
    'CONTENT_LENGTH' => '79'
    'HTTP_CONNECTION' => 'close'
    'HTTP_ACCEPT_ENCODING' => 'gzip, deflate, br'
    'HTTP_HOST' => 'www.qd.com'
    'HTTP_POSTMAN_TOKEN' => '00d5b939-886f-4632-9171-86c5688047a0'
    'HTTP_CACHE_CONTROL' => 'no-cache'
    'HTTP_ACCEPT' => '*/*'
    'HTTP_USER_AGENT' => 'PostmanRuntime/7.24.1'
    'CONTENT_TYPE' => 'application/json'
    'REDIRECT_STATUS' => '200'
    'FCGI_ROLE' => 'RESPONDER'
    'PHP_SELF' => '/api/index.php'
    'REQUEST_TIME_FLOAT' => 1588215706.3185
    'REQUEST_TIME' => 1588215706
]
2020-04-30 03:13:10 [192.168.1.139][-][-][warning][yii\debug\Module::checkAccess] Access to debugger is denied due to IP address restriction. The requesting IP address is 192.168.1.139
2020-04-30 03:13:08 [192.168.1.139][-][-][info][application] $_GET = []

$_POST = []

$_FILES = []

$_COOKIE = []

$_SERVER = [
    'PATH' => 'C:\\Program Files (x86)\\Intel\\Intel(R) Management Engine Components\\iCLS\\;C:\\Program Files\\Intel\\Intel(R) Management Engine Components\\iCLS\\;C:\\Windows\\system32;C:\\Windows;C:\\Windows\\System32\\Wbem;C:\\Windows\\System32\\WindowsPowerShell\\v1.0\\;C:\\Windows\\System32\\OpenSSH\\;C:\\Program Files (x86)\\Intel\\Intel(R) Management Engine Components\\DAL;C:\\Program Files\\Intel\\Intel(R) Management Engine Components\\DAL;C:\\Program Files (x86)\\NVIDIA Corporation\\PhysX\\Common;D:\\phpStudy\\PHPTutorial\\MySQL\\bin;C:\\WINDOWS\\system32;C:\\WINDOWS;C:\\WINDOWS\\System32\\Wbem;C:\\WINDOWS\\System32\\WindowsPowerShell\\v1.0\\;C:\\WINDOWS\\System32\\OpenSSH\\;D:\\phpStudy\\PHPTutorial\\php\\php-7.0.12-nts;F:\\Program Files\\Git\\cmd;\"C:\\Users\\86176\\AppData\\Local\\Microsoft\\WindowsApps;D:\\phpStudy\\PHPTutorial\\MySQL\\bin\";C:\\Users\\86176\\AppData\\Local\\Microsoft\\WindowsApps;C:\\Users\\86176\\AppData\\Roaming\\Composer\\vendor\\bin'
    'SYSTEMROOT' => 'C:\\WINDOWS'
    'COMSPEC' => 'C:\\WINDOWS\\system32\\cmd.exe'
    'PATHEXT' => '.COM;.EXE;.BAT;.CMD;.VBS;.VBE;.JS;.JSE;.WSF;.WSH;.MSC'
    'WINDIR' => 'C:\\WINDOWS'
    'PHP_FCGI_MAX_REQUESTS' => '1000'
    'PHPRC' => 'D:/phpStudy/PHPTutorial/php/php-7.0.12-nts/'
    '_FCGI_SHUTDOWN_EVENT_' => '2316'
    'SCRIPT_NAME' => '/api/index.php'
    'REQUEST_URI' => '/api/company/companyenter'
    'QUERY_STRING' => ''
    'REQUEST_METHOD' => 'POST'
    'SERVER_PROTOCOL' => 'HTTP/1.1'
    'GATEWAY_INTERFACE' => 'CGI/1.1'
    'REDIRECT_URL' => '/api/company/companyenter'
    'REMOTE_PORT' => '2035'
    'SCRIPT_FILENAME' => 'D:/php code/qd/frontend/web/api/index.php'
    'SERVER_ADMIN' => 'admin@php.cn'
    'CONTEXT_DOCUMENT_ROOT' => 'D:/php code/qd/frontend/web'
    'CONTEXT_PREFIX' => ''
    'REQUEST_SCHEME' => 'http'
    'DOCUMENT_ROOT' => 'D:/php code/qd/frontend/web'
    'REMOTE_ADDR' => '192.168.1.139'
    'SERVER_PORT' => '80'
    'SERVER_ADDR' => '192.168.1.139'
    'SERVER_NAME' => 'www.qd.com'
    'SERVER_SOFTWARE' => 'Apache/2.4.23 (Win32) OpenSSL/1.0.2j mod_fcgid/2.3.9'
    'SERVER_SIGNATURE' => ''
    'SystemRoot' => 'C:\\WINDOWS'
    'CONTENT_LENGTH' => '79'
    'HTTP_CONNECTION' => 'close'
    'HTTP_ACCEPT_ENCODING' => 'gzip, deflate, br'
    'HTTP_HOST' => 'www.qd.com'
    'HTTP_POSTMAN_TOKEN' => '1ed6c085-42e2-4583-a678-02ef60896306'
    'HTTP_CACHE_CONTROL' => 'no-cache'
    'HTTP_ACCEPT' => '*/*'
    'HTTP_USER_AGENT' => 'PostmanRuntime/7.24.1'
    'CONTENT_TYPE' => 'application/json'
    'REDIRECT_STATUS' => '200'
    'FCGI_ROLE' => 'RESPONDER'
    'PHP_SELF' => '/api/index.php'
    'REQUEST_TIME_FLOAT' => 1588216388.0827
    'REQUEST_TIME' => 1588216388
]
2020-04-30 03:13:24 [192.168.1.139][-][-][warning][yii\debug\Module::checkAccess] Access to debugger is denied due to IP address restriction. The requesting IP address is 192.168.1.139
2020-04-30 03:13:24 [192.168.1.139][-][-][info][application] $_GET = []

$_POST = []

$_FILES = []

$_COOKIE = []

$_SERVER = [
    'PATH' => 'C:\\Program Files (x86)\\Intel\\Intel(R) Management Engine Components\\iCLS\\;C:\\Program Files\\Intel\\Intel(R) Management Engine Components\\iCLS\\;C:\\Windows\\system32;C:\\Windows;C:\\Windows\\System32\\Wbem;C:\\Windows\\System32\\WindowsPowerShell\\v1.0\\;C:\\Windows\\System32\\OpenSSH\\;C:\\Program Files (x86)\\Intel\\Intel(R) Management Engine Components\\DAL;C:\\Program Files\\Intel\\Intel(R) Management Engine Components\\DAL;C:\\Program Files (x86)\\NVIDIA Corporation\\PhysX\\Common;D:\\phpStudy\\PHPTutorial\\MySQL\\bin;C:\\WINDOWS\\system32;C:\\WINDOWS;C:\\WINDOWS\\System32\\Wbem;C:\\WINDOWS\\System32\\WindowsPowerShell\\v1.0\\;C:\\WINDOWS\\System32\\OpenSSH\\;D:\\phpStudy\\PHPTutorial\\php\\php-7.0.12-nts;F:\\Program Files\\Git\\cmd;\"C:\\Users\\86176\\AppData\\Local\\Microsoft\\WindowsApps;D:\\phpStudy\\PHPTutorial\\MySQL\\bin\";C:\\Users\\86176\\AppData\\Local\\Microsoft\\WindowsApps;C:\\Users\\86176\\AppData\\Roaming\\Composer\\vendor\\bin'
    'SYSTEMROOT' => 'C:\\WINDOWS'
    'COMSPEC' => 'C:\\WINDOWS\\system32\\cmd.exe'
    'PATHEXT' => '.COM;.EXE;.BAT;.CMD;.VBS;.VBE;.JS;.JSE;.WSF;.WSH;.MSC'
    'WINDIR' => 'C:\\WINDOWS'
    'PHP_FCGI_MAX_REQUESTS' => '1000'
    'PHPRC' => 'D:/phpStudy/PHPTutorial/php/php-7.0.12-nts/'
    '_FCGI_SHUTDOWN_EVENT_' => '2316'
    'SCRIPT_NAME' => '/api/index.php'
    'REQUEST_URI' => '/api/company/companyenter'
    'QUERY_STRING' => ''
    'REQUEST_METHOD' => 'GET'
    'SERVER_PROTOCOL' => 'HTTP/1.1'
    'GATEWAY_INTERFACE' => 'CGI/1.1'
    'REDIRECT_URL' => '/api/company/companyenter'
    'REMOTE_PORT' => '2038'
    'SCRIPT_FILENAME' => 'D:/php code/qd/frontend/web/api/index.php'
    'SERVER_ADMIN' => 'admin@php.cn'
    'CONTEXT_DOCUMENT_ROOT' => 'D:/php code/qd/frontend/web'
    'CONTEXT_PREFIX' => ''
    'REQUEST_SCHEME' => 'http'
    'DOCUMENT_ROOT' => 'D:/php code/qd/frontend/web'
    'REMOTE_ADDR' => '192.168.1.139'
    'SERVER_PORT' => '80'
    'SERVER_ADDR' => '192.168.1.139'
    'SERVER_NAME' => 'www.qd.com'
    'SERVER_SOFTWARE' => 'Apache/2.4.23 (Win32) OpenSSL/1.0.2j mod_fcgid/2.3.9'
    'SERVER_SIGNATURE' => ''
    'SystemRoot' => 'C:\\WINDOWS'
    'CONTENT_LENGTH' => '79'
    'HTTP_CONNECTION' => 'close'
    'HTTP_ACCEPT_ENCODING' => 'gzip, deflate, br'
    'HTTP_HOST' => 'www.qd.com'
    'HTTP_POSTMAN_TOKEN' => '45e4c704-21b9-4856-8bde-dd6a2854b26b'
    'HTTP_CACHE_CONTROL' => 'no-cache'
    'HTTP_ACCEPT' => '*/*'
    'HTTP_USER_AGENT' => 'PostmanRuntime/7.24.1'
    'CONTENT_TYPE' => 'application/json'
    'REDIRECT_STATUS' => '200'
    'FCGI_ROLE' => 'RESPONDER'
    'PHP_SELF' => '/api/index.php'
    'REQUEST_TIME_FLOAT' => 1588216404.8734
    'REQUEST_TIME' => 1588216404
]
2020-04-30 03:14:16 [192.168.1.139][-][-][warning][yii\debug\Module::checkAccess] Access to debugger is denied due to IP address restriction. The requesting IP address is 192.168.1.139
2020-04-30 03:14:13 [192.168.1.139][-][-][info][application] $_GET = []

$_POST = []

$_FILES = []

$_COOKIE = []

$_SERVER = [
    'PATH' => 'C:\\Program Files (x86)\\Intel\\Intel(R) Management Engine Components\\iCLS\\;C:\\Program Files\\Intel\\Intel(R) Management Engine Components\\iCLS\\;C:\\Windows\\system32;C:\\Windows;C:\\Windows\\System32\\Wbem;C:\\Windows\\System32\\WindowsPowerShell\\v1.0\\;C:\\Windows\\System32\\OpenSSH\\;C:\\Program Files (x86)\\Intel\\Intel(R) Management Engine Components\\DAL;C:\\Program Files\\Intel\\Intel(R) Management Engine Components\\DAL;C:\\Program Files (x86)\\NVIDIA Corporation\\PhysX\\Common;D:\\phpStudy\\PHPTutorial\\MySQL\\bin;C:\\WINDOWS\\system32;C:\\WINDOWS;C:\\WINDOWS\\System32\\Wbem;C:\\WINDOWS\\System32\\WindowsPowerShell\\v1.0\\;C:\\WINDOWS\\System32\\OpenSSH\\;D:\\phpStudy\\PHPTutorial\\php\\php-7.0.12-nts;F:\\Program Files\\Git\\cmd;\"C:\\Users\\86176\\AppData\\Local\\Microsoft\\WindowsApps;D:\\phpStudy\\PHPTutorial\\MySQL\\bin\";C:\\Users\\86176\\AppData\\Local\\Microsoft\\WindowsApps;C:\\Users\\86176\\AppData\\Roaming\\Composer\\vendor\\bin'
    'SYSTEMROOT' => 'C:\\WINDOWS'
    'COMSPEC' => 'C:\\WINDOWS\\system32\\cmd.exe'
    'PATHEXT' => '.COM;.EXE;.BAT;.CMD;.VBS;.VBE;.JS;.JSE;.WSF;.WSH;.MSC'
    'WINDIR' => 'C:\\WINDOWS'
    'PHP_FCGI_MAX_REQUESTS' => '1000'
    'PHPRC' => 'D:/phpStudy/PHPTutorial/php/php-7.0.12-nts/'
    '_FCGI_SHUTDOWN_EVENT_' => '2316'
    'SCRIPT_NAME' => '/api/index.php'
    'REQUEST_URI' => '/api/publish/index'
    'QUERY_STRING' => ''
    'REQUEST_METHOD' => 'GET'
    'SERVER_PROTOCOL' => 'HTTP/1.1'
    'GATEWAY_INTERFACE' => 'CGI/1.1'
    'REDIRECT_URL' => '/api/publish/index'
    'REMOTE_PORT' => '2042'
    'SCRIPT_FILENAME' => 'D:/php code/qd/frontend/web/api/index.php'
    'SERVER_ADMIN' => 'admin@php.cn'
    'CONTEXT_DOCUMENT_ROOT' => 'D:/php code/qd/frontend/web'
    'CONTEXT_PREFIX' => ''
    'REQUEST_SCHEME' => 'http'
    'DOCUMENT_ROOT' => 'D:/php code/qd/frontend/web'
    'REMOTE_ADDR' => '192.168.1.139'
    'SERVER_PORT' => '80'
    'SERVER_ADDR' => '192.168.1.139'
    'SERVER_NAME' => 'www.qd.com'
    'SERVER_SOFTWARE' => 'Apache/2.4.23 (Win32) OpenSSL/1.0.2j mod_fcgid/2.3.9'
    'SERVER_SIGNATURE' => ''
    'SystemRoot' => 'C:\\WINDOWS'
    'CONTENT_LENGTH' => '79'
    'HTTP_CONNECTION' => 'close'
    'HTTP_ACCEPT_ENCODING' => 'gzip, deflate, br'
    'HTTP_HOST' => 'www.qd.com'
    'HTTP_POSTMAN_TOKEN' => 'f0555849-d39e-45c3-9612-5b93ba7a658c'
    'HTTP_CACHE_CONTROL' => 'no-cache'
    'HTTP_ACCEPT' => '*/*'
    'HTTP_USER_AGENT' => 'PostmanRuntime/7.24.1'
    'CONTENT_TYPE' => 'application/json'
    'REDIRECT_STATUS' => '200'
    'FCGI_ROLE' => 'RESPONDER'
    'PHP_SELF' => '/api/index.php'
    'REQUEST_TIME_FLOAT' => 1588216453.9066
    'REQUEST_TIME' => 1588216453
]
2020-04-30 03:14:55 [192.168.1.139][-][-][warning][yii\debug\Module::checkAccess] Access to debugger is denied due to IP address restriction. The requesting IP address is 192.168.1.139
2020-04-30 03:14:52 [192.168.1.139][-][-][info][application] $_GET = []

$_POST = []

$_FILES = []

$_COOKIE = []

$_SERVER = [
    'PATH' => 'C:\\Program Files (x86)\\Intel\\Intel(R) Management Engine Components\\iCLS\\;C:\\Program Files\\Intel\\Intel(R) Management Engine Components\\iCLS\\;C:\\Windows\\system32;C:\\Windows;C:\\Windows\\System32\\Wbem;C:\\Windows\\System32\\WindowsPowerShell\\v1.0\\;C:\\Windows\\System32\\OpenSSH\\;C:\\Program Files (x86)\\Intel\\Intel(R) Management Engine Components\\DAL;C:\\Program Files\\Intel\\Intel(R) Management Engine Components\\DAL;C:\\Program Files (x86)\\NVIDIA Corporation\\PhysX\\Common;D:\\phpStudy\\PHPTutorial\\MySQL\\bin;C:\\WINDOWS\\system32;C:\\WINDOWS;C:\\WINDOWS\\System32\\Wbem;C:\\WINDOWS\\System32\\WindowsPowerShell\\v1.0\\;C:\\WINDOWS\\System32\\OpenSSH\\;D:\\phpStudy\\PHPTutorial\\php\\php-7.0.12-nts;F:\\Program Files\\Git\\cmd;\"C:\\Users\\86176\\AppData\\Local\\Microsoft\\WindowsApps;D:\\phpStudy\\PHPTutorial\\MySQL\\bin\";C:\\Users\\86176\\AppData\\Local\\Microsoft\\WindowsApps;C:\\Users\\86176\\AppData\\Roaming\\Composer\\vendor\\bin'
    'SYSTEMROOT' => 'C:\\WINDOWS'
    'COMSPEC' => 'C:\\WINDOWS\\system32\\cmd.exe'
    'PATHEXT' => '.COM;.EXE;.BAT;.CMD;.VBS;.VBE;.JS;.JSE;.WSF;.WSH;.MSC'
    'WINDIR' => 'C:\\WINDOWS'
    'PHP_FCGI_MAX_REQUESTS' => '1000'
    'PHPRC' => 'D:/phpStudy/PHPTutorial/php/php-7.0.12-nts/'
    '_FCGI_SHUTDOWN_EVENT_' => '2316'
    'SCRIPT_NAME' => '/api/index.php'
    'REQUEST_URI' => '/api/publish/companypublishadd'
    'QUERY_STRING' => ''
    'REQUEST_METHOD' => 'POST'
    'SERVER_PROTOCOL' => 'HTTP/1.1'
    'GATEWAY_INTERFACE' => 'CGI/1.1'
    'REDIRECT_URL' => '/api/publish/companypublishadd'
    'REMOTE_PORT' => '2051'
    'SCRIPT_FILENAME' => 'D:/php code/qd/frontend/web/api/index.php'
    'SERVER_ADMIN' => 'admin@php.cn'
    'CONTEXT_DOCUMENT_ROOT' => 'D:/php code/qd/frontend/web'
    'CONTEXT_PREFIX' => ''
    'REQUEST_SCHEME' => 'http'
    'DOCUMENT_ROOT' => 'D:/php code/qd/frontend/web'
    'REMOTE_ADDR' => '192.168.1.139'
    'SERVER_PORT' => '80'
    'SERVER_ADDR' => '192.168.1.139'
    'SERVER_NAME' => 'www.qd.com'
    'SERVER_SOFTWARE' => 'Apache/2.4.23 (Win32) OpenSSL/1.0.2j mod_fcgid/2.3.9'
    'SERVER_SIGNATURE' => ''
    'SystemRoot' => 'C:\\WINDOWS'
    'CONTENT_LENGTH' => '79'
    'HTTP_CONNECTION' => 'close'
    'HTTP_ACCEPT_ENCODING' => 'gzip, deflate, br'
    'HTTP_HOST' => 'www.qd.com'
    'HTTP_POSTMAN_TOKEN' => 'c2f38fc1-5603-47da-b153-5c6b6d79b766'
    'HTTP_CACHE_CONTROL' => 'no-cache'
    'HTTP_ACCEPT' => '*/*'
    'HTTP_USER_AGENT' => 'PostmanRuntime/7.24.1'
    'CONTENT_TYPE' => 'application/json'
    'REDIRECT_STATUS' => '200'
    'FCGI_ROLE' => 'RESPONDER'
    'PHP_SELF' => '/api/index.php'
    'REQUEST_TIME_FLOAT' => 1588216492.8452
    'REQUEST_TIME' => 1588216492
]
2020-04-30 03:44:22 [192.168.1.139][-][-][error][yii\web\HttpException:404] yii\web\NotFoundHttpException: Page not found. in D:\php code\qd\vendor\yiisoft\yii2\web\Request.php:284
Stack trace:
#0 D:\php code\qd\vendor\yiisoft\yii2\web\Application.php(82): yii\web\Request->resolve()
#1 D:\php code\qd\vendor\yiisoft\yii2\base\Application.php(386): yii\web\Application->handleRequest(Object(yii\web\Request))
#2 D:\php code\qd\frontend\web\api\index.php(18): yii\base\Application->run()
#3 {main}
2020-04-30 03:44:22 [192.168.1.139][-][-][warning][yii\debug\Module::checkAccess] Access to debugger is denied due to IP address restriction. The requesting IP address is 192.168.1.139
2020-04-30 03:44:22 [192.168.1.139][-][-][warning][yii\debug\Module::checkAccess] Access to debugger is denied due to IP address restriction. The requesting IP address is 192.168.1.139
2020-04-30 03:44:21 [192.168.1.139][-][-][info][application] $_GET = []

$_POST = []

$_FILES = []

$_COOKIE = []

$_SERVER = [
    'PATH' => 'C:\\Program Files (x86)\\Intel\\Intel(R) Management Engine Components\\iCLS\\;C:\\Program Files\\Intel\\Intel(R) Management Engine Components\\iCLS\\;C:\\Windows\\system32;C:\\Windows;C:\\Windows\\System32\\Wbem;C:\\Windows\\System32\\WindowsPowerShell\\v1.0\\;C:\\Windows\\System32\\OpenSSH\\;C:\\Program Files (x86)\\Intel\\Intel(R) Management Engine Components\\DAL;C:\\Program Files\\Intel\\Intel(R) Management Engine Components\\DAL;C:\\Program Files (x86)\\NVIDIA Corporation\\PhysX\\Common;D:\\phpStudy\\PHPTutorial\\MySQL\\bin;C:\\WINDOWS\\system32;C:\\WINDOWS;C:\\WINDOWS\\System32\\Wbem;C:\\WINDOWS\\System32\\WindowsPowerShell\\v1.0\\;C:\\WINDOWS\\System32\\OpenSSH\\;D:\\phpStudy\\PHPTutorial\\php\\php-7.0.12-nts;F:\\Program Files\\Git\\cmd;\"C:\\Users\\86176\\AppData\\Local\\Microsoft\\WindowsApps;D:\\phpStudy\\PHPTutorial\\MySQL\\bin\";C:\\Users\\86176\\AppData\\Local\\Microsoft\\WindowsApps;C:\\Users\\86176\\AppData\\Roaming\\Composer\\vendor\\bin'
    'SYSTEMROOT' => 'C:\\WINDOWS'
    'COMSPEC' => 'C:\\WINDOWS\\system32\\cmd.exe'
    'PATHEXT' => '.COM;.EXE;.BAT;.CMD;.VBS;.VBE;.JS;.JSE;.WSF;.WSH;.MSC'
    'WINDIR' => 'C:\\WINDOWS'
    'PHP_FCGI_MAX_REQUESTS' => '1000'
    'PHPRC' => 'D:/phpStudy/PHPTutorial/php/php-7.0.12-nts/'
    '_FCGI_SHUTDOWN_EVENT_' => '2316'
    'SCRIPT_NAME' => '/api/index.php'
    'REQUEST_URI' => '/api/publish/company/companyenter'
    'QUERY_STRING' => ''
    'REQUEST_METHOD' => 'POST'
    'SERVER_PROTOCOL' => 'HTTP/1.1'
    'GATEWAY_INTERFACE' => 'CGI/1.1'
    'REDIRECT_URL' => '/api/publish/company/companyenter'
    'REMOTE_PORT' => '2300'
    'SCRIPT_FILENAME' => 'D:/php code/qd/frontend/web/api/index.php'
    'SERVER_ADMIN' => 'admin@php.cn'
    'CONTEXT_DOCUMENT_ROOT' => 'D:/php code/qd/frontend/web'
    'CONTEXT_PREFIX' => ''
    'REQUEST_SCHEME' => 'http'
    'DOCUMENT_ROOT' => 'D:/php code/qd/frontend/web'
    'REMOTE_ADDR' => '192.168.1.139'
    'SERVER_PORT' => '80'
    'SERVER_ADDR' => '192.168.1.139'
    'SERVER_NAME' => 'www.qd.com'
    'SERVER_SOFTWARE' => 'Apache/2.4.23 (Win32) OpenSSL/1.0.2j mod_fcgid/2.3.9'
    'SERVER_SIGNATURE' => ''
    'SystemRoot' => 'C:\\WINDOWS'
    'CONTENT_LENGTH' => '79'
    'HTTP_CONNECTION' => 'close'
    'HTTP_ACCEPT_ENCODING' => 'gzip, deflate, br'
    'HTTP_HOST' => 'www.qd.com'
    'HTTP_POSTMAN_TOKEN' => '87281cbc-51c8-4a32-b55d-94a876605208'
    'HTTP_CACHE_CONTROL' => 'no-cache'
    'HTTP_ACCEPT' => '*/*'
    'HTTP_USER_AGENT' => 'PostmanRuntime/7.24.1'
    'CONTENT_TYPE' => 'application/json'
    'REDIRECT_STATUS' => '200'
    'FCGI_ROLE' => 'RESPONDER'
    'PHP_SELF' => '/api/index.php'
    'REQUEST_TIME_FLOAT' => 1588218261.659
    'REQUEST_TIME' => 1588218261
]
2020-04-30 03:44:40 [192.168.1.139][-][-][warning][yii\debug\Module::checkAccess] Access to debugger is denied due to IP address restriction. The requesting IP address is 192.168.1.139
2020-04-30 03:44:37 [192.168.1.139][-][-][info][application] $_GET = []

$_POST = []

$_FILES = []

$_COOKIE = []

$_SERVER = [
    'PATH' => 'C:\\Program Files (x86)\\Intel\\Intel(R) Management Engine Components\\iCLS\\;C:\\Program Files\\Intel\\Intel(R) Management Engine Components\\iCLS\\;C:\\Windows\\system32;C:\\Windows;C:\\Windows\\System32\\Wbem;C:\\Windows\\System32\\WindowsPowerShell\\v1.0\\;C:\\Windows\\System32\\OpenSSH\\;C:\\Program Files (x86)\\Intel\\Intel(R) Management Engine Components\\DAL;C:\\Program Files\\Intel\\Intel(R) Management Engine Components\\DAL;C:\\Program Files (x86)\\NVIDIA Corporation\\PhysX\\Common;D:\\phpStudy\\PHPTutorial\\MySQL\\bin;C:\\WINDOWS\\system32;C:\\WINDOWS;C:\\WINDOWS\\System32\\Wbem;C:\\WINDOWS\\System32\\WindowsPowerShell\\v1.0\\;C:\\WINDOWS\\System32\\OpenSSH\\;D:\\phpStudy\\PHPTutorial\\php\\php-7.0.12-nts;F:\\Program Files\\Git\\cmd;\"C:\\Users\\86176\\AppData\\Local\\Microsoft\\WindowsApps;D:\\phpStudy\\PHPTutorial\\MySQL\\bin\";C:\\Users\\86176\\AppData\\Local\\Microsoft\\WindowsApps;C:\\Users\\86176\\AppData\\Roaming\\Composer\\vendor\\bin'
    'SYSTEMROOT' => 'C:\\WINDOWS'
    'COMSPEC' => 'C:\\WINDOWS\\system32\\cmd.exe'
    'PATHEXT' => '.COM;.EXE;.BAT;.CMD;.VBS;.VBE;.JS;.JSE;.WSF;.WSH;.MSC'
    'WINDIR' => 'C:\\WINDOWS'
    'PHP_FCGI_MAX_REQUESTS' => '1000'
    'PHPRC' => 'D:/phpStudy/PHPTutorial/php/php-7.0.12-nts/'
    '_FCGI_SHUTDOWN_EVENT_' => '2316'
    'SCRIPT_NAME' => '/api/index.php'
    'REQUEST_URI' => '/api/v1/company/companyenter'
    'QUERY_STRING' => ''
    'REQUEST_METHOD' => 'POST'
    'SERVER_PROTOCOL' => 'HTTP/1.1'
    'GATEWAY_INTERFACE' => 'CGI/1.1'
    'REDIRECT_URL' => '/api/v1/company/companyenter'
    'REMOTE_PORT' => '2301'
    'SCRIPT_FILENAME' => 'D:/php code/qd/frontend/web/api/index.php'
    'SERVER_ADMIN' => 'admin@php.cn'
    'CONTEXT_DOCUMENT_ROOT' => 'D:/php code/qd/frontend/web'
    'CONTEXT_PREFIX' => ''
    'REQUEST_SCHEME' => 'http'
    'DOCUMENT_ROOT' => 'D:/php code/qd/frontend/web'
    'REMOTE_ADDR' => '192.168.1.139'
    'SERVER_PORT' => '80'
    'SERVER_ADDR' => '192.168.1.139'
    'SERVER_NAME' => 'www.qd.com'
    'SERVER_SOFTWARE' => 'Apache/2.4.23 (Win32) OpenSSL/1.0.2j mod_fcgid/2.3.9'
    'SERVER_SIGNATURE' => ''
    'SystemRoot' => 'C:\\WINDOWS'
    'CONTENT_LENGTH' => '79'
    'HTTP_CONNECTION' => 'close'
    'HTTP_ACCEPT_ENCODING' => 'gzip, deflate, br'
    'HTTP_HOST' => 'www.qd.com'
    'HTTP_POSTMAN_TOKEN' => 'ef42c474-79b7-44b0-9848-991fc5436daa'
    'HTTP_CACHE_CONTROL' => 'no-cache'
    'HTTP_ACCEPT' => '*/*'
    'HTTP_USER_AGENT' => 'PostmanRuntime/7.24.1'
    'CONTENT_TYPE' => 'application/json'
    'REDIRECT_STATUS' => '200'
    'FCGI_ROLE' => 'RESPONDER'
    'PHP_SELF' => '/api/index.php'
    'REQUEST_TIME_FLOAT' => 1588218277.8278
    'REQUEST_TIME' => 1588218277
]
